Mplus VERSION 8.9
MUTHEN & MUTHEN
05/10/2023   5:48 PM

INPUT INSTRUCTIONS

  TITLE:
      Latent growth curve model of FFT effectiveness during COVID-19

  DATA:
      file = "FFT.dat";
      ngroup = 3;

  VARIABLE:
      names =
          ! Var # 1--7
          agecoh ageter region age                        ! Admin var
          compstat compbin trmtleng
          ! Var # 8--11
          immi1 immi2 female country                      ! Demographic
          ! Var # 12--20
          travel venu team                                ! Treament var
          prior insti video refer foster psyhlth
          ! Var # 21--26
          innhome innvio innsch innlaw inndrug innsum     ! Admission (T0)
          ! Var # 27--35
          innyls1 innyls2 innyls3 innyls4 innyls5
          innyls6 innyls7 innyls8 innylss
          ! Var # 36--41
          outhome outvio outsch outlaw outdrug outsum     ! Discharge (T1)
          ! Var # 42--50
          outyls1 outyls2 outyls3 outyls4 outyls5
          outyls6 outyls7 outyls8 outylss
          ! Var # 51--56                                  ! Follow-ups
          home6 vio6 sch6 law6 drug6 sum6                 ! 6-month (T2)
          ! Var # 57--62
          home12 vio12 sch12 law12 drug12 sum12           ! 12-month (T3)
          ! Var # 63--68
          home18 vio18 sch18 law18 drug18 sum18           ! 18-month (T4)
          ! Var # 69--75
          t0 t1 t2 t3 t4 chgsum chgyls                    ! Derived var
          ;

      usevar =
          innsum outsum sum6 sum12 sum18
          age female immi1 immi2
          prior insti foster psyhlth chgyls
          t0 t1 t2 t3 t4
          ;

      tscores = t0-t4;

      missing = all (-999);

      grouping = agecoh (1 = before 2 = during 3 = after);

  DATA IMPUTATION:
      impute =
          innsum outsum sum6 sum12 sum18
          age female immi1 immi2
          prior insti foster psyhlth chgyls
          ;

      ndatasets = 10;

      save = fft_3_growth_*.dat;

  ANALYSIS:
      type = random;
      estimator = mlr;

  MODEL:
      i s | innsum outsum sum6 sum12 sum18 at t0-t4;

      i s on
          age female immi1 immi2
          prior insti foster psyhlth chgyls
          ;

  ! Mplus 8.9 is unable to produce standardised coefficient
  ! for varying time intervals (between T0 and T1 in this study).
  ! OUTPUT:
  !    stdyx;




INPUT READING TERMINATED NORMALLY




Latent growth curve model of FFT effectiveness during COVID-19

SUMMARY OF ANALYSIS

Number of groups                                                 3
Average number of observations
   Group BEFORE                                                147
   Group DURING                                                159
   Group AFTER                                                 212
   Total sample size                                           518

Number of replications
    Requested                                                   10
    Completed                                                   10

Number of dependent variables                                    5
Number of independent variables                                  9
Number of continuous latent variables                            2

Observed dependent variables

  Continuous
   INNSUM      OUTSUM      SUM6        SUM12       SUM18

Observed independent variables
   AGE         FEMALE      IMMI1       IMMI2       PRIOR       INSTI
   FOSTER      PSYHLTH     CHGYLS

Continuous latent variables
   I           S

Variables with special functions

  Grouping variable     AGECOH

  Time scores
   T0          T1          T2          T3          T4


Variables used for imputation

  Variables imputed as continuous
   INNSUM      OUTSUM      SUM6        SUM12       SUM18       AGE
   FEMALE      IMMI1       IMMI2       PRIOR       INSTI       FOSTER
   PSYHLTH     CHGYLS


Estimator                                                      MLR
Information matrix                                        OBSERVED
Maximum number of iterations                                   100
Convergence criterion                                    0.100D-05
Maximum number of EM iterations                                500
Convergence criteria for the EM algorithm
  Loglikelihood change                                   0.100D-02
  Relative loglikelihood change                          0.100D-05
  Derivative                                             0.100D-03
Minimum variance                                         0.100D-03
Maximum number of steepest descent iterations                   20
Maximum number of iterations for H1                           2000
Convergence criterion for H1                             0.100D-03
Optimization algorithm                                         EMA
Specifications for Bayesian Estimation
  Point estimate                                            MEDIAN
  Number of Markov chain Monte Carlo (MCMC) chains               2
  Random seed for the first chain                                0
  Starting value information                           UNPERTURBED
  Algorithm used for Markov chain Monte Carlo           GIBBS(PX1)
  Convergence criterion                                  0.500D-01
  Maximum number of iterations                               50000
  K-th iteration used for thinning                               1
Specifications for Data Imputation
  Number of imputed data sets                                   10
  H1 imputation model type                              COVARIANCE
  Iteration intervals for thinning                             100

Input data file(s)
  FFT.dat
Input data format  FREE


MODEL RESULTS

                                                    Two-Tailed   Rate of
                    Estimate       S.E.  Est./S.E.    P-Value    Missing

Group BEFORE

 I          ON
    AGE               -0.069      0.025     -2.828      0.005      0.040
    FEMALE             0.158      0.103      1.526      0.127      0.081
    IMMI1             -0.341      0.335     -1.018      0.309      0.008
    IMMI2             -0.056      0.138     -0.407      0.684      0.191
    PRIOR             -0.238      0.205     -1.157      0.247      0.046
    INSTI             -0.136      0.187     -0.728      0.467      0.027
    FOSTER             0.007      0.268      0.025      0.980      0.035
    PSYHLTH           -0.042      0.112     -0.375      0.707      0.042
    CHGYLS             0.003      0.022      0.115      0.909      0.034

 S          ON
    AGE                0.001      0.002      0.864      0.387      0.197
    FEMALE            -0.004      0.006     -0.654      0.513      0.117
    IMMI1              0.018      0.018      1.021      0.307      0.060
    IMMI2              0.006      0.011      0.545      0.586      0.529
    PRIOR              0.009      0.011      0.862      0.389      0.255
    INSTI              0.011      0.010      1.094      0.274      0.167
    FOSTER            -0.020      0.022     -0.874      0.382      0.325
    PSYHLTH           -0.005      0.007     -0.651      0.515      0.223
    CHGYLS             0.001      0.001      0.597      0.551      0.122

 S        WITH
    I                 -0.005      0.007     -0.716      0.474      0.322

 Intercepts
    INNSUM             0.000      0.000    999.000    999.000      0.000
    OUTSUM             0.000      0.000    999.000    999.000      0.000
    SUM6               0.000      0.000    999.000    999.000      0.000
    SUM12              0.000      0.000    999.000    999.000      0.000
    SUM18              0.000      0.000    999.000    999.000      0.000
    I                  5.585      0.341     16.391      0.000      0.052
    S                 -0.019      0.023     -0.824      0.410      0.217

 Residual Variances
    INNSUM             1.162      0.272      4.271      0.000      0.030
    OUTSUM             0.233      0.106      2.194      0.028      0.177
    SUM6               4.949      0.734      6.738      0.000      0.111
    SUM12              0.152      0.045      3.363      0.001      0.307
    SUM18              0.244      0.094      2.592      0.010      0.463
    I                  0.176      0.124      1.422      0.155      0.162
    S                  0.000      0.000      1.061      0.289      0.407

Group DURING

 I          ON
    AGE               -0.008      0.017     -0.471      0.638      0.048
    FEMALE            -0.050      0.081     -0.618      0.537      0.013
    IMMI1              0.025      0.113      0.222      0.825      0.046
    IMMI2              0.159      0.101      1.568      0.117      0.046
    PRIOR             -0.148      0.164     -0.899      0.369      0.034
    INSTI              0.020      0.150      0.131      0.896      0.043
    FOSTER             0.139      0.117      1.186      0.236      0.085
    PSYHLTH           -0.081      0.077     -1.044      0.296      0.029
    CHGYLS             0.030      0.016      1.868      0.062      0.037

 S          ON
    AGE               -0.002      0.001     -1.953      0.051      0.203
    FEMALE             0.004      0.005      0.766      0.444      0.183
    IMMI1             -0.008      0.009     -0.927      0.354      0.209
    IMMI2             -0.025      0.008     -3.204      0.001      0.214
    PRIOR             -0.009      0.009     -1.008      0.313      0.138
    INSTI             -0.006      0.010     -0.577      0.564      0.190
    FOSTER            -0.023      0.011     -2.154      0.031      0.373
    PSYHLTH            0.000      0.005     -0.082      0.935      0.216
    CHGYLS            -0.001      0.001     -1.019      0.308      0.146

 S        WITH
    I                  0.001      0.004      0.264      0.792      0.048

 Intercepts
    INNSUM             0.000      0.000    999.000    999.000      0.000
    OUTSUM             0.000      0.000    999.000    999.000      0.000
    SUM6               0.000      0.000    999.000    999.000      0.000
    SUM12              0.000      0.000    999.000    999.000      0.000
    SUM18              0.000      0.000    999.000    999.000      0.000
    I                  4.716      0.253     18.646      0.000      0.049
    S                  0.043      0.018      2.351      0.019      0.193

 Residual Variances
    INNSUM             1.215      0.279      4.349      0.000      0.032
    OUTSUM             0.184      0.108      1.708      0.088      0.038
    SUM6               6.300      0.795      7.929      0.000      0.079
    SUM12              0.144      0.043      3.338      0.001      0.525
    SUM18              0.248      0.105      2.351      0.019      0.683
    I                  0.050      0.077      0.644      0.520      0.031
    S                  0.000      0.000      0.207      0.836      0.021

Group AFTER

 I          ON
    AGE                0.001      0.027      0.026      0.979      0.095
    FEMALE             0.264      0.091      2.907      0.004      0.063
    IMMI1              0.012      0.150      0.077      0.939      0.068
    IMMI2             -0.152      0.178     -0.856      0.392      0.104
    PRIOR             -0.144      0.137     -1.054      0.292      0.076
    INSTI             -0.935      0.198     -4.712      0.000      0.121
    FOSTER             0.046      0.174      0.265      0.791      0.180
    PSYHLTH           -0.140      0.094     -1.489      0.136      0.281
    CHGYLS             0.017      0.015      1.140      0.254      0.111

 S          ON
    AGE                0.000      0.002     -0.080      0.937      0.535
    FEMALE            -0.002      0.008     -0.248      0.804      0.434
    IMMI1             -0.011      0.012     -0.921      0.357      0.481
    IMMI2              0.014      0.014      0.965      0.335      0.591
    PRIOR             -0.010      0.013     -0.738      0.461      0.484
    INSTI              0.029      0.018      1.597      0.110      0.668
    FOSTER            -0.005      0.022     -0.220      0.826      0.650
    PSYHLTH           -0.004      0.010     -0.418      0.676      0.713
    CHGYLS             0.003      0.002      1.405      0.160      0.829

 S        WITH
    I                  0.004      0.005      0.908      0.364      0.497

 Intercepts
    INNSUM             0.000      0.000    999.000    999.000      0.000
    OUTSUM             0.000      0.000    999.000    999.000      0.000
    SUM6               0.000      0.000    999.000    999.000      0.000
    SUM12              0.000      0.000    999.000    999.000      0.000
    SUM18              0.000      0.000    999.000    999.000      0.000
    I                  4.348      0.381     11.412      0.000      0.076
    S                 -0.010      0.034     -0.293      0.769      0.591

 Residual Variances
    INNSUM             0.620      0.114      5.442      0.000      0.090
    OUTSUM             0.441      0.089      4.954      0.000      0.227
    SUM6               3.879      0.639      6.067      0.000      0.544
    SUM12              0.311      0.079      3.930      0.000      0.783
    SUM18              0.002      0.047      0.041      0.967      0.000
    I                  0.082      0.062      1.331      0.183      0.095
    S                  0.001      0.000      4.230      0.000      0.313


QUALITY OF NUMERICAL RESULTS

     Average Condition Number for the Information Matrix      0.229E-06
       (ratio of smallest to largest eigenvalue)



     Beginning Time:  17:48:25
        Ending Time:  17:52:48
       Elapsed Time:  00:04:23



MUTHEN & MUTHEN
3463 Stoner Ave.
Los Angeles, CA  90066

Tel: (310) 391-9971
Fax: (310) 391-8971
Web: www.StatModel.com
Support: Support@StatModel.com

Copyright (c) 1998-2023 Muthen & Muthen
