Mplus VERSION 8.9
MUTHEN & MUTHEN
04/27/2023   3:33 PM

INPUT INSTRUCTIONS

  TITLE:
      Exploratory analysis of FFT effectiveness during COVID-19
      Outcome var outsum

  DATA:
      file = "FFT.dat";
      ngroups = 3;

  VARIABLE:
      names =
          ! Var # 1--7
          agecoh ageter region age                        ! Admin var
          compstat compbin trmtleng
          ! Var # 8--11
          immi1 immi2 female country                      ! Demographic
          ! Var # 12--20
          travel venu team                                ! Treament var
          prior insti video refer foster psyhlth
          ! Var # 21--26
          innhome innvio innsch innlaw inndrug innsum     ! Admission (T0)
          ! Var # 27--35
          innyls1 innyls2 innyls3 innyls4 innyls5
          innyls6 innyls7 innyls8 innylss
          ! Var # 36--41
          outhome outvio outsch outlaw outdrug outsum     ! Discharge (T1)
          ! Var # 42--50
          outyls1 outyls2 outyls3 outyls4 outyls5
          outyls6 outyls7 outyls8 outylss
          ! Var # 51--56                                  ! Follow-ups
          home6 vio6 sch6 law6 drug6 sum6                 ! 6-month (T2)
          ! Var # 57--62
          home12 vio12 sch12 law12 drug12 sum12           ! 12-month (T3)
          ! Var # 63--68
          home18 vio18 sch18 law18 drug18 sum18           ! 18-month (T4)
          ! Var # 69--74
          t0 t1 t2 t3 t4 chgyls
          ;

      usevar =
          innsum outsum
          age female immi1 immi2
          prior insti foster psyhlth
          ;

      missing = all (-999);

      grouping = agecoh (1 = before 2 = during 3 = after);


  DATA IMPUTATION:
      impute =
          innsum outsum
          age female immi1 immi2
          prior insti foster psyhlth
          ;
      ndatasets = 10;
      save = fft_1_sum_*.dat;

  ANALYSIS:
      estimator = mlr;

  MODEL:
      outsum on
          innsum
          age female immi1 immi2
          prior insti foster psyhlth
      ;

  OUTPUT:
      stdyx;



INPUT READING TERMINATED NORMALLY




Exploratory analysis of FFT effectiveness during COVID-19
Outcome var outsum

SUMMARY OF ANALYSIS

Number of groups                                                 3
Average number of observations
   Group BEFORE                                                147
   Group DURING                                                159
   Group AFTER                                                 212
   Total sample size                                           518

Number of replications
    Requested                                                   10
    Completed                                                   10

Number of dependent variables                                    1
Number of independent variables                                  9
Number of continuous latent variables                            0

Observed dependent variables

  Continuous
   OUTSUM

Observed independent variables
   INNSUM      AGE         FEMALE      IMMI1       IMMI2       PRIOR
   INSTI       FOSTER      PSYHLTH

Variables with special functions

  Grouping variable     AGECOH

Variables used for imputation

  Variables imputed as continuous
   INNSUM      OUTSUM      AGE         FEMALE      IMMI1       IMMI2
   PRIOR       INSTI       FOSTER      PSYHLTH


Estimator                                                      MLR
Information matrix                                        OBSERVED
Maximum number of iterations                                  1000
Convergence criterion                                    0.500D-04
Maximum number of steepest descent iterations                   20
Maximum number of iterations for H1                           2000
Convergence criterion for H1                             0.100D-03
Specifications for Bayesian Estimation
  Point estimate                                            MEDIAN
  Number of Markov chain Monte Carlo (MCMC) chains               2
  Random seed for the first chain                                0
  Starting value information                           UNPERTURBED
  Algorithm used for Markov chain Monte Carlo           GIBBS(PX1)
  Convergence criterion                                  0.500D-01
  Maximum number of iterations                               50000
  K-th iteration used for thinning                               1
Specifications for Data Imputation
  Number of imputed data sets                                   10
  H1 imputation model type                              COVARIANCE
  Iteration intervals for thinning                             100

Input data file(s)
  FFT.dat

Input data format  FREE


SUMMARY OF DATA FOR THE FIRST DATA SET

   Group BEFORE
     Number of missing data patterns             1

   Group DURING
     Number of missing data patterns             1

   Group AFTER
     Number of missing data patterns             1


SUMMARY OF MISSING DATA PATTERNS FOR THE FIRST DATA SET


     MISSING DATA PATTERNS FOR BEFORE (x = not missing)

           1
 OUTSUM    x
 INNSUM    x
 AGE       x
 FEMALE    x
 IMMI1     x
 IMMI2     x
 PRIOR     x
 INSTI     x
 FOSTER    x
 PSYHLTH   x


     MISSING DATA PATTERN FREQUENCIES FOR BEFORE

    Pattern   Frequency
          1         147


     MISSING DATA PATTERNS FOR DURING (x = not missing)

           1
 OUTSUM    x
 INNSUM    x
 AGE       x
 FEMALE    x
 IMMI1     x
 IMMI2     x
 PRIOR     x
 INSTI     x
 FOSTER    x
 PSYHLTH   x


     MISSING DATA PATTERN FREQUENCIES FOR DURING

    Pattern   Frequency
          1         159


     MISSING DATA PATTERNS FOR AFTER (x = not missing)

           1
 OUTSUM    x
 INNSUM    x
 AGE       x
 FEMALE    x
 IMMI1     x
 IMMI2     x
 PRIOR     x
 INSTI     x
 FOSTER    x
 PSYHLTH   x


     MISSING DATA PATTERN FREQUENCIES FOR AFTER

    Pattern   Frequency
          1         212


COVARIANCE COVERAGE OF DATA FOR THE FIRST DATA SET

Minimum covariance coverage value   0.100


     PROPORTION OF DATA PRESENT FOR BEFORE


           Covariance Coverage
              OUTSUM        INNSUM        AGE           FEMALE        IMMI1
              ________      ________      ________      ________      ________
 OUTSUM         1.000
 INNSUM         1.000         1.000
 AGE            1.000         1.000         1.000
 FEMALE         1.000         1.000         1.000         1.000
 IMMI1          1.000         1.000         1.000         1.000         1.000
 IMMI2          1.000         1.000         1.000         1.000         1.000
 PRIOR          1.000         1.000         1.000         1.000         1.000
 INSTI          1.000         1.000         1.000         1.000         1.000
 FOSTER         1.000         1.000         1.000         1.000         1.000
 PSYHLTH        1.000         1.000         1.000         1.000         1.000


           Covariance Coverage
              IMMI2         PRIOR         INSTI         FOSTER        PSYHLTH
              ________      ________      ________      ________      ________
 IMMI2          1.000
 PRIOR          1.000         1.000
 INSTI          1.000         1.000         1.000
 FOSTER         1.000         1.000         1.000         1.000
 PSYHLTH        1.000         1.000         1.000         1.000         1.000


     PROPORTION OF DATA PRESENT FOR DURING


           Covariance Coverage
              OUTSUM        INNSUM        AGE           FEMALE        IMMI1
              ________      ________      ________      ________      ________
 OUTSUM         1.000
 INNSUM         1.000         1.000
 AGE            1.000         1.000         1.000
 FEMALE         1.000         1.000         1.000         1.000
 IMMI1          1.000         1.000         1.000         1.000         1.000
 IMMI2          1.000         1.000         1.000         1.000         1.000
 PRIOR          1.000         1.000         1.000         1.000         1.000
 INSTI          1.000         1.000         1.000         1.000         1.000
 FOSTER         1.000         1.000         1.000         1.000         1.000
 PSYHLTH        1.000         1.000         1.000         1.000         1.000


           Covariance Coverage
              IMMI2         PRIOR         INSTI         FOSTER        PSYHLTH
              ________      ________      ________      ________      ________
 IMMI2          1.000
 PRIOR          1.000         1.000
 INSTI          1.000         1.000         1.000
 FOSTER         1.000         1.000         1.000         1.000
 PSYHLTH        1.000         1.000         1.000         1.000         1.000


     PROPORTION OF DATA PRESENT FOR AFTER


           Covariance Coverage
              OUTSUM        INNSUM        AGE           FEMALE        IMMI1
              ________      ________      ________      ________      ________
 OUTSUM         1.000
 INNSUM         1.000         1.000
 AGE            1.000         1.000         1.000
 FEMALE         1.000         1.000         1.000         1.000
 IMMI1          1.000         1.000         1.000         1.000         1.000
 IMMI2          1.000         1.000         1.000         1.000         1.000
 PRIOR          1.000         1.000         1.000         1.000         1.000
 INSTI          1.000         1.000         1.000         1.000         1.000
 FOSTER         1.000         1.000         1.000         1.000         1.000
 PSYHLTH        1.000         1.000         1.000         1.000         1.000


           Covariance Coverage
              IMMI2         PRIOR         INSTI         FOSTER        PSYHLTH
              ________      ________      ________      ________      ________
 IMMI2          1.000
 PRIOR          1.000         1.000
 INSTI          1.000         1.000         1.000
 FOSTER         1.000         1.000         1.000         1.000
 PSYHLTH        1.000         1.000         1.000         1.000         1.000


SAMPLE STATISTICS

NOTE:  These are average results over 10 data sets.


     ESTIMATED SAMPLE STATISTICS FOR BEFORE


           Means
              OUTSUM        INNSUM        AGE           FEMALE        IMMI1
              ________      ________      ________      ________      ________
                4.776         4.034        14.027         0.463         0.102


           Means
              IMMI2         PRIOR         INSTI         FOSTER        PSYHLTH
              ________      ________      ________      ________      ________
                0.088         0.109         0.109         0.061         0.565


           Covariances
              OUTSUM        INNSUM        AGE           FEMALE        IMMI1
              ________      ________      ________      ________      ________
 OUTSUM         0.365
 INNSUM         0.212         1.053
 AGE           -0.198        -0.525         4.163
 FEMALE         0.036         0.011         0.137         0.249
 IMMI1         -0.032        -0.024         0.045        -0.013         0.092
 IMMI2          0.006         0.024        -0.009         0.014        -0.009
 PRIOR          0.004        -0.045        -0.098         0.011        -0.011
 INSTI         -0.003        -0.092         0.031        -0.003         0.009
 FOSTER        -0.007        -0.036         0.046         0.006        -0.006
 PSYHLTH       -0.016        -0.087         0.202         0.025         0.010


           Covariances
              IMMI2         PRIOR         INSTI         FOSTER        PSYHLTH
              ________      ________      ________      ________      ________
 IMMI2          0.081
 PRIOR         -0.003         0.097
 INSTI         -0.003         0.022         0.097
 FOSTER         0.008         0.007         0.007         0.057
 PSYHLTH       -0.016         0.013         0.020        -0.001         0.246


           Correlations
              OUTSUM        INNSUM        AGE           FEMALE        IMMI1
              ________      ________      ________      ________      ________
 OUTSUM         1.000
 INNSUM         0.342         1.000
 AGE           -0.161        -0.251         1.000
 FEMALE         0.119         0.022         0.135         1.000
 IMMI1         -0.172        -0.077         0.073        -0.087         1.000
 IMMI2          0.036         0.083        -0.016         0.095        -0.105
 PRIOR          0.021        -0.139        -0.155         0.070        -0.118
 INSTI         -0.015        -0.288         0.049        -0.018         0.099
 FOSTER        -0.046        -0.147         0.094         0.048        -0.086
 PSYHLTH       -0.054        -0.171         0.200         0.099         0.069


           Correlations
              IMMI2         PRIOR         INSTI         FOSTER        PSYHLTH
              ________      ________      ________      ________      ________
 IMMI2          1.000
 PRIOR         -0.032         1.000
 INSTI         -0.032         0.229         1.000
 FOSTER         0.120         0.093         0.093         1.000
 PSYHLTH       -0.113         0.087         0.131        -0.005         1.000


     ESTIMATED SAMPLE STATISTICS FOR DURING


           Means
              OUTSUM        INNSUM        AGE           FEMALE        IMMI1
              ________      ________      ________      ________      ________
                4.836         4.157        14.503         0.491         0.113


           Means
              IMMI2         PRIOR         INSTI         FOSTER        PSYHLTH
              ________      ________      ________      ________      ________
                0.164         0.113         0.138         0.075         0.572


           Covariances
              OUTSUM        INNSUM        AGE           FEMALE        IMMI1
              ________      ________      ________      ________      ________
 OUTSUM         0.237
 INNSUM         0.082         0.925
 AGE            0.001        -0.312         3.596
 FEMALE        -0.027         0.011         0.061         0.250
 IMMI1          0.006        -0.056         0.081         0.007         0.100
 IMMI2          0.008         0.012         0.062         0.008        -0.019
 PRIOR          0.000        -0.062         0.006        -0.024        -0.013
 INSTI          0.016        -0.122         0.075         0.026         0.028
 FOSTER         0.006        -0.006         0.006         0.001         0.010
 PSYHLTH       -0.007        -0.065         0.052         0.040        -0.008


           Covariances
              IMMI2         PRIOR         INSTI         FOSTER        PSYHLTH
              ________      ________      ________      ________      ________
 IMMI2          0.137
 PRIOR          0.000         0.100
 INSTI          0.009         0.009         0.119
 FOSTER        -0.012         0.004         0.002         0.070
 PSYHLTH       -0.006         0.017         0.009         0.013         0.245


           Correlations
              OUTSUM        INNSUM        AGE           FEMALE        IMMI1
              ________      ________      ________      ________      ________
 OUTSUM         1.000
 INNSUM         0.176         1.000
 AGE            0.001        -0.171         1.000
 FEMALE        -0.110         0.023         0.065         1.000
 IMMI1          0.038        -0.182         0.135         0.046         1.000
 IMMI2          0.044         0.034         0.089         0.042        -0.158
 PRIOR         -0.002        -0.203         0.010        -0.152        -0.128
 INSTI          0.097        -0.369         0.115         0.153         0.259
 FOSTER         0.047        -0.022         0.012         0.005         0.123
 PSYHLTH       -0.029        -0.136         0.055         0.162        -0.052


           Correlations
              IMMI2         PRIOR         INSTI         FOSTER        PSYHLTH
              ________      ________      ________      ________      ________
 IMMI2          1.000
 PRIOR          0.003         1.000
 INSTI          0.069         0.087         1.000
 FOSTER        -0.126         0.048         0.023         1.000
 PSYHLTH       -0.030         0.108         0.052         0.103         1.000


     ESTIMATED SAMPLE STATISTICS FOR AFTER


           Means
              OUTSUM        INNSUM        AGE           FEMALE        IMMI1
              ________      ________      ________      ________      ________
                4.717         4.118        14.127         0.519         0.118


           Means
              IMMI2         PRIOR         INSTI         FOSTER        PSYHLTH
              ________      ________      ________      ________      ________
                0.108         0.113         0.123         0.075         0.623


           Covariances
              OUTSUM        INNSUM        AGE           FEMALE        IMMI1
              ________      ________      ________      ________      ________
 OUTSUM         0.410
 INNSUM         0.246         0.821
 AGE           -0.030         0.037         3.526
 FEMALE         0.048         0.071         0.090         0.250
 IMMI1         -0.009        -0.028         0.023         0.005         0.104
 IMMI2         -0.007        -0.008        -0.113         0.000        -0.013
 PRIOR         -0.001        -0.023        -0.019        -0.002        -0.013
 INSTI         -0.074        -0.123         0.060         0.017         0.019
 FOSTER         0.002         0.019        -0.024        -0.011         0.001
 PSYHLTH       -0.022        -0.092         0.105        -0.012        -0.017


           Covariances
              IMMI2         PRIOR         INSTI         FOSTER        PSYHLTH
              ________      ________      ________      ________      ________
 IMMI2          0.097
 PRIOR          0.002         0.100
 INSTI         -0.004        -0.004         0.108
 FOSTER         0.001         0.001        -0.005         0.070
 PSYHLTH       -0.011         0.005         0.018         0.010         0.235


           Correlations
              OUTSUM        INNSUM        AGE           FEMALE        IMMI1
              ________      ________      ________      ________      ________
 OUTSUM         1.000
 INNSUM         0.423         1.000
 AGE           -0.025         0.022         1.000
 FEMALE         0.149         0.157         0.095         1.000
 IMMI1         -0.044        -0.096         0.038         0.030         1.000
 IMMI2         -0.035        -0.029        -0.193         0.002        -0.128
 PRIOR         -0.005        -0.079        -0.032        -0.013        -0.131
 INSTI         -0.351        -0.414         0.097         0.101         0.175
 FOSTER         0.015         0.081        -0.048        -0.082         0.006
 PSYHLTH       -0.070        -0.210         0.115        -0.049        -0.108


           Correlations
              IMMI2         PRIOR         INSTI         FOSTER        PSYHLTH
              ________      ________      ________      ________      ________
 IMMI2          1.000
 PRIOR          0.019         1.000
 INSTI         -0.038        -0.043         1.000
 FOSTER         0.015         0.011        -0.052         1.000
 PSYHLTH       -0.073         0.032         0.113         0.075         1.000


UNIVARIATE SAMPLE STATISTICS


     UNIVARIATE HIGHER-ORDER MOMENT DESCRIPTIVE STATISTICS FOR BEFORE

         Variable/         Mean/     Skewness/   Minimum/ % with                Percentiles
        Sample Size      Variance    Kurtosis    Maximum  Min/Max      20%/60%    40%/80%    Median

     OUTSUM                4.776      -3.376       1.000    0.68%       5.000      5.000      5.000
             147.000       0.365      13.293       5.000   84.35%       5.000      5.000
     INNSUM                4.034      -1.239       0.000    0.68%       3.000      4.000      4.000
             147.000       1.053       1.567       5.000   38.10%       4.000      5.000
     AGE                  14.027      -0.888       7.000    1.36%      12.000     14.000     14.000
             147.000       4.163       0.853      18.000    0.68%      15.000     16.000
     FEMALE                0.463       0.150       0.000   53.74%       0.000      0.000      0.000
             147.000       0.249      -1.977       1.000   46.26%       1.000      1.000
     IMMI1                 0.102       2.629       0.000   89.80%       0.000      0.000      0.000
             147.000       0.092       4.914       1.000   10.20%       0.000      0.000
     IMMI2                 0.088       2.899       0.000   91.16%       0.000      0.000      0.000
             147.000       0.081       6.405       1.000    8.84%       0.000      0.000
     PRIOR                 0.109       2.512       0.000   89.12%       0.000      0.000      0.000
             147.000       0.097       4.310       1.000   10.88%       0.000      0.000
     INSTI                 0.109       2.512       0.000   89.12%       0.000      0.000      0.000
             147.000       0.097       4.310       1.000   10.88%       0.000      0.000
     FOSTER                0.061       3.660       0.000   93.88%       0.000      0.000      0.000
             147.000       0.057      11.399       1.000    6.12%       0.000      0.000
     PSYHLTH               0.565      -0.261       0.000   43.54%       0.000      0.000      1.000
             147.000       0.246      -1.932       1.000   56.46%       1.000      1.000


     UNIVARIATE HIGHER-ORDER MOMENT DESCRIPTIVE STATISTICS FOR DURING

         Variable/         Mean/     Skewness/   Minimum/ % with                Percentiles
        Sample Size      Variance    Kurtosis    Maximum  Min/Max      20%/60%    40%/80%    Median

     OUTSUM                4.836      -4.284       1.000    0.63%       5.000      5.000      5.000
             159.000       0.237      24.706       5.000   86.79%       5.000      5.000
     INNSUM                4.157      -0.954       1.000    1.26%       3.000      4.000      4.000
             159.000       0.925       0.249       5.000   47.17%       5.000      5.000
     AGE                  14.503      -0.901       6.000    0.63%      13.000     14.000     15.000
             159.000       3.596       1.942      18.000    1.26%      15.000     16.000
     FEMALE                0.491       0.038       0.000   50.94%       0.000      0.000      0.000
             159.000       0.250      -1.999       1.000   49.06%       1.000      1.000
     IMMI1                 0.113       2.442       0.000   88.68%       0.000      0.000      0.000
             159.000       0.100       3.961       1.000   11.32%       0.000      0.000
     IMMI2                 0.164       1.820       0.000   83.65%       0.000      0.000      0.000
             159.000       0.137       1.311       1.000   16.35%       0.000      0.000
     PRIOR                 0.113       2.442       0.000   88.68%       0.000      0.000      0.000
             159.000       0.100       3.961       1.000   11.32%       0.000      0.000
     INSTI                 0.138       2.095       0.000   86.16%       0.000      0.000      0.000
             159.000       0.119       2.388       1.000   13.84%       0.000      0.000
     FOSTER                0.075       3.214       0.000   92.45%       0.000      0.000      0.000
             159.000       0.070       8.332       1.000    7.55%       0.000      0.000
     PSYHLTH               0.572      -0.292       0.000   42.77%       0.000      0.000      1.000
             159.000       0.245      -1.915       1.000   57.23%       1.000      1.000


     UNIVARIATE HIGHER-ORDER MOMENT DESCRIPTIVE STATISTICS FOR AFTER

         Variable/         Mean/     Skewness/   Minimum/ % with                Percentiles
        Sample Size      Variance    Kurtosis    Maximum  Min/Max      20%/60%    40%/80%    Median

     OUTSUM                4.717      -2.571       2.000    2.36%       4.000      5.000      5.000
             212.000       0.410       6.591       5.000   79.72%       5.000      5.000
     INNSUM                4.118      -0.995       1.000    0.94%       3.000      4.000      4.000
             212.000       0.821       0.670       5.000   39.15%       4.000      5.000
     AGE                  14.127      -0.338       9.000    0.94%      12.000     14.000     14.000
             212.000       3.526      -0.475      18.000    1.42%      15.000     16.000
     FEMALE                0.519      -0.076       0.000   48.11%       0.000      0.000      1.000
             212.000       0.250      -1.994       1.000   51.89%       1.000      1.000
     IMMI1                 0.118       2.369       0.000   88.21%       0.000      0.000      0.000
             212.000       0.104       3.614       1.000   11.79%       0.000      0.000
     IMMI2                 0.108       2.518       0.000   89.15%       0.000      0.000      0.000
             212.000       0.097       4.339       1.000   10.85%       0.000      0.000
     PRIOR                 0.113       2.442       0.000   88.68%       0.000      0.000      0.000
             212.000       0.100       3.961       1.000   11.32%       0.000      0.000
     INSTI                 0.123       2.301       0.000   87.74%       0.000      0.000      0.000
             212.000       0.108       3.294       1.000   12.26%       0.000      0.000
     FOSTER                0.075       3.214       0.000   92.45%       0.000      0.000      0.000
             212.000       0.070       8.332       1.000    7.55%       0.000      0.000
     PSYHLTH               0.623      -0.506       0.000   37.74%       0.000      1.000      1.000
             212.000       0.235      -1.744       1.000   62.26%       1.000      1.000


MODEL FIT INFORMATION

Number of Free Parameters                       33

Loglikelihood

    H0 Value

        Mean                              -403.080
        Std Dev                              0.000
        Number of successful computations       10

             Proportions                   Percentiles
        Expected    Observed         Expected       Observed
           0.990       1.000         -403.080       -403.080
           0.980       1.000         -403.080       -403.080
           0.950       1.000         -403.080       -403.080
           0.900       1.000         -403.080       -403.080
           0.800       1.000         -403.080       -403.080
           0.700       1.000         -403.080       -403.080
           0.500       0.100         -403.080       -403.080
           0.300       0.100         -403.080       -403.080
           0.200       0.100         -403.080       -403.080
           0.100       0.100         -403.080       -403.080
           0.050       0.100         -403.080       -403.080
           0.020       0.100         -403.080       -403.080
           0.010       0.100         -403.080       -403.080

    H1 Value

        Mean                              -403.080
        Std Dev                              0.000
        Number of successful computations       10

             Proportions                   Percentiles
        Expected    Observed         Expected       Observed
           0.990       1.000         -403.080       -403.080
           0.980       1.000         -403.080       -403.080
           0.950       1.000         -403.080       -403.080
           0.900       1.000         -403.080       -403.080
           0.800       1.000         -403.080       -403.080
           0.700       1.000         -403.080       -403.080
           0.500       1.000         -403.080       -403.080
           0.300       0.000         -403.080       -403.080
           0.200       0.000         -403.080       -403.080
           0.100       0.000         -403.080       -403.080
           0.050       0.000         -403.080       -403.080
           0.020       0.000         -403.080       -403.080
           0.010       0.000         -403.080       -403.080

Information Criteria

    Akaike (AIC)

        Mean                               872.160
        Std Dev                              0.000
        Number of successful computations       10

             Proportions                   Percentiles
        Expected    Observed         Expected       Observed
           0.990       0.900          872.160        872.160
           0.980       0.900          872.160        872.160
           0.950       0.900          872.160        872.160
           0.900       0.900          872.160        872.160
           0.800       0.900          872.160        872.160
           0.700       0.900          872.160        872.160
           0.500       0.900          872.160        872.160
           0.300       0.000          872.160        872.160
           0.200       0.000          872.160        872.160
           0.100       0.000          872.160        872.160
           0.050       0.000          872.160        872.160
           0.020       0.000          872.160        872.160
           0.010       0.000          872.160        872.160

    Bayesian (BIC)

        Mean                              1012.409
        Std Dev                              0.000
        Number of successful computations       10

             Proportions                   Percentiles
        Expected    Observed         Expected       Observed
           0.990       0.900         1012.409       1012.409
           0.980       0.900         1012.409       1012.409
           0.950       0.900         1012.409       1012.409
           0.900       0.900         1012.409       1012.409
           0.800       0.900         1012.409       1012.409
           0.700       0.900         1012.409       1012.409
           0.500       0.900         1012.409       1012.409
           0.300       0.000         1012.409       1012.409
           0.200       0.000         1012.409       1012.409
           0.100       0.000         1012.409       1012.409
           0.050       0.000         1012.409       1012.409
           0.020       0.000         1012.409       1012.409
           0.010       0.000         1012.409       1012.409

    Sample-Size Adjusted BIC (n* = (n + 2) / 24)

        Mean                               907.660
        Std Dev                              0.000
        Number of successful computations       10

             Proportions                   Percentiles
        Expected    Observed         Expected       Observed
           0.990       0.900          907.660        907.660
           0.980       0.900          907.660        907.660
           0.950       0.900          907.660        907.660
           0.900       0.900          907.660        907.660
           0.800       0.900          907.660        907.660
           0.700       0.900          907.660        907.660
           0.500       0.900          907.660        907.660
           0.300       0.000          907.660        907.660
           0.200       0.000          907.660        907.660
           0.100       0.000          907.660        907.660
           0.050       0.000          907.660        907.660
           0.020       0.000          907.660        907.660
           0.010       0.000          907.660        907.660

Chi-Square Test of Model Fit

        Degrees of freedom                       0

        Mean                                 0.000
        Std Dev                              0.000
        Number of successful computations       10

             Proportions                   Percentiles
        Expected    Observed         Expected       Observed
           0.990       1.000            0.000          0.000
           0.980       1.000            0.000          0.000
           0.950       1.000            0.000          0.000
           0.900       1.000            0.000          0.000
           0.800       1.000            0.000          0.000
           0.700       1.000            0.000          0.000
           0.500       1.000            0.000          0.000
           0.300       1.000            0.000          0.000
           0.200       1.000            0.000          0.000
           0.100       1.000            0.000          0.000
           0.050       1.000            0.000          0.000
           0.020       1.000            0.000          0.000
           0.010       1.000            0.000          0.000

RMSEA (Root Mean Square Error Of Approximation)

        Mean                                 0.000
        Std Dev                              0.000
        Number of successful computations       10

        Cumulative Distribution Function
           Value    Function Value
           0.990       1.000
           0.980       1.000
           0.950       1.000
           0.900       1.000
           0.800       1.000
           0.700       1.000
           0.500       1.000
           0.300       1.000
           0.200       1.000
           0.100       1.000
           0.050       1.000
           0.020       1.000
           0.010       1.000

CFI/TLI

    CFI

        Mean                                 1.000
        Std Dev                              0.000
        Number of successful computations       10

        Cumulative Distribution Function
           Value    Function Value
           0.990       0.000
           0.980       0.000
           0.950       0.000
           0.900       0.000
           0.800       0.000
           0.700       0.000
           0.500       0.000
           0.300       0.000
           0.200       0.000
           0.100       0.000
           0.050       0.000
           0.020       0.000
           0.010       0.000

    TLI

        Mean                                 1.000
        Std Dev                              0.000
        Number of successful computations       10

        Cumulative Distribution Function
           Value    Function Value
           0.990       0.000
           0.980       0.000
           0.950       0.000
           0.900       0.000
           0.800       0.000
           0.700       0.000
           0.500       0.000
           0.300       0.000
           0.200       0.000
           0.100       0.000
           0.050       0.000
           0.020       0.000
           0.010       0.000

SRMR (Standardized Root Mean Square Residual)

        Mean                                 0.000
        Std Dev                              0.000
        Number of successful computations       10

        Cumulative Distribution Function
           Value    Function Value
           0.990       1.000
           0.980       1.000
           0.950       1.000
           0.900       1.000
           0.800       1.000
           0.700       1.000
           0.500       1.000
           0.300       1.000
           0.200       1.000
           0.100       1.000
           0.050       1.000
           0.020       1.000
           0.010       1.000


MODEL RESULTS

                                                    Two-Tailed   Rate of
                    Estimate       S.E.  Est./S.E.    P-Value    Missing

Group BEFORE

 OUTSUM   ON
    INNSUM             0.198      0.090      2.204      0.027      0.000
    AGE               -0.025      0.022     -1.130      0.259      0.000
    FEMALE             0.137      0.086      1.592      0.111      0.000
    IMMI1             -0.284      0.263     -1.080      0.280      0.000
    IMMI2             -0.027      0.103     -0.266      0.790      0.000
    PRIOR              0.016      0.129      0.122      0.903      0.000
    INSTI              0.196      0.213      0.918      0.358      0.000
    FOSTER            -0.038      0.224     -0.168      0.867      0.000
    PSYHLTH            0.005      0.096      0.052      0.959      0.000

 Intercepts
    OUTSUM             4.271      0.557      7.662      0.000      0.000

 Residual Variances
    OUTSUM             0.304      0.072      4.234      0.000      0.000

Group DURING

 OUTSUM   ON
    INNSUM             0.136      0.050      2.732      0.006      0.000
    AGE                0.006      0.017      0.336      0.737      0.000
    FEMALE            -0.149      0.099     -1.511      0.131      0.000
    IMMI1              0.065      0.102      0.639      0.523      0.000
    IMMI2              0.050      0.086      0.586      0.558      0.000
    PRIOR              0.019      0.124      0.156      0.876      0.000
    INSTI              0.283      0.110      2.582      0.010      0.000
    FOSTER             0.085      0.090      0.941      0.347      0.000
    PSYHLTH            0.018      0.091      0.194      0.846      0.000

 Intercepts
    OUTSUM             4.184      0.409     10.225      0.000      0.000

 Residual Variances
    OUTSUM             0.216      0.087      2.497      0.013      0.000

Group AFTER

 OUTSUM   ON
    INNSUM             0.223      0.071      3.153      0.002      0.000
    AGE               -0.011      0.023     -0.487      0.626      0.000
    FEMALE             0.163      0.072      2.262      0.024      0.000
    IMMI1              0.053      0.136      0.395      0.693      0.000
    IMMI2             -0.074      0.127     -0.585      0.559      0.000
    PRIOR              0.028      0.114      0.245      0.806      0.000
    INSTI             -0.469      0.183     -2.569      0.010      0.000
    FOSTER            -0.041      0.143     -0.286      0.775      0.000
    PSYHLTH            0.045      0.077      0.582      0.561      0.000

 Intercepts
    OUTSUM             3.903      0.378     10.322      0.000      0.000

 Residual Variances
    OUTSUM             0.314      0.048      6.574      0.000      0.000


QUALITY OF NUMERICAL RESULTS

     Average Condition Number for the Information Matrix      0.125E-03
       (ratio of smallest to largest eigenvalue)


STANDARDIZED MODEL RESULTS


STDYX Standardization

                                                    Two-Tailed   Rate of
                    Estimate       S.E.  Est./S.E.    P-Value    Missing

Group BEFORE

 OUTSUM   ON
    INNSUM             0.337      0.120      2.799      0.005      0.000
    AGE               -0.085      0.077     -1.099      0.272      0.000
    FEMALE             0.113      0.066      1.705      0.088      0.000
    IMMI1             -0.142      0.118     -1.204      0.229      0.000
    IMMI2             -0.013      0.048     -0.267      0.789      0.000
    PRIOR              0.008      0.066      0.122      0.903      0.000
    INSTI              0.101      0.105      0.964      0.335      0.000
    FOSTER            -0.015      0.089     -0.168      0.867      0.000
    PSYHLTH            0.004      0.079      0.052      0.959      0.000

 Intercepts
    OUTSUM             7.074      1.793      3.944      0.000      0.000

 Residual Variances
    OUTSUM             0.835      0.091      9.218      0.000      0.000

Group DURING

 OUTSUM   ON
    INNSUM             0.269      0.081      3.306      0.001      0.000
    AGE                0.023      0.065      0.347      0.728      0.000
    FEMALE            -0.153      0.080     -1.902      0.057      0.000
    IMMI1              0.042      0.064      0.664      0.507      0.000
    IMMI2              0.038      0.063      0.610      0.542      0.000
    PRIOR              0.013      0.081      0.156      0.876      0.000
    INSTI              0.200      0.068      2.929      0.003      0.000
    FOSTER             0.046      0.048      0.952      0.341      0.000
    PSYHLTH            0.018      0.089      0.199      0.842      0.000

 Intercepts
    OUTSUM             8.588      2.440      3.519      0.000      0.000

 Residual Variances
    OUTSUM             0.912      0.047     19.546      0.000      0.000

Group AFTER

 OUTSUM   ON
    INNSUM             0.316      0.085      3.717      0.000      0.000
    AGE               -0.033      0.067     -0.491      0.623      0.000
    FEMALE             0.127      0.052      2.437      0.015      0.000
    IMMI1              0.027      0.068      0.395      0.693      0.000
    IMMI2             -0.036      0.061     -0.587      0.557      0.000
    PRIOR              0.014      0.056      0.247      0.805      0.000
    INSTI             -0.240      0.091     -2.630      0.009      0.000
    FOSTER            -0.017      0.059     -0.286      0.775      0.000
    PSYHLTH            0.034      0.058      0.584      0.560      0.000

 Intercepts
    OUTSUM             6.091      0.982      6.205      0.000      0.000

 Residual Variances
    OUTSUM             0.765      0.073     10.417      0.000      0.000


R-SQUARE

Group BEFORE

    Observed                                        Two-Tailed   Rate of
    Variable        Estimate       S.E.  Est./S.E.    P-Value    Missing

    OUTSUM             0.165      0.091      1.826      0.068      0.000

Group DURING

    Observed                                        Two-Tailed   Rate of
    Variable        Estimate       S.E.  Est./S.E.    P-Value    Missing

    OUTSUM             0.088      0.047      1.896      0.058      0.000

Group AFTER

    Observed                                        Two-Tailed   Rate of
    Variable        Estimate       S.E.  Est./S.E.    P-Value    Missing

    OUTSUM             0.235      0.073      3.202      0.001      0.000


TECHNICAL 1 OUTPUT


     PARAMETER SPECIFICATION FOR BEFORE


           NU
              OUTSUM        INNSUM        AGE           FEMALE        IMMI1
              ________      ________      ________      ________      ________
                  0             0             0             0             0


           NU
              IMMI2         PRIOR         INSTI         FOSTER        PSYHLTH
              ________      ________      ________      ________      ________
                  0             0             0             0             0


           LAMBDA
              OUTSUM        INNSUM        AGE           FEMALE        IMMI1
              ________      ________      ________      ________      ________
 OUTSUM             0             0             0             0             0
 INNSUM             0             0             0             0             0
 AGE                0             0             0             0             0
 FEMALE             0             0             0             0             0
 IMMI1              0             0             0             0             0
 IMMI2              0             0             0             0             0
 PRIOR              0             0             0             0             0
 INSTI              0             0             0             0             0
 FOSTER             0             0             0             0             0
 PSYHLTH            0             0             0             0             0


           LAMBDA
              IMMI2         PRIOR         INSTI         FOSTER        PSYHLTH
              ________      ________      ________      ________      ________
 OUTSUM             0             0             0             0             0
 INNSUM             0             0             0             0             0
 AGE                0             0             0             0             0
 FEMALE             0             0             0             0             0
 IMMI1              0             0             0             0             0
 IMMI2              0             0             0             0             0
 PRIOR              0             0             0             0             0
 INSTI              0             0             0             0             0
 FOSTER             0             0             0             0             0
 PSYHLTH            0             0             0             0             0


           THETA
              OUTSUM        INNSUM        AGE           FEMALE        IMMI1
              ________      ________      ________      ________      ________
 OUTSUM             0
 INNSUM             0             0
 AGE                0             0             0
 FEMALE             0             0             0             0
 IMMI1              0             0             0             0             0
 IMMI2              0             0             0             0             0
 PRIOR              0             0             0             0             0
 INSTI              0             0             0             0             0
 FOSTER             0             0             0             0             0
 PSYHLTH            0             0             0             0             0


           THETA
              IMMI2         PRIOR         INSTI         FOSTER        PSYHLTH
              ________      ________      ________      ________      ________
 IMMI2              0
 PRIOR              0             0
 INSTI              0             0             0
 FOSTER             0             0             0             0
 PSYHLTH            0             0             0             0             0


           ALPHA
              OUTSUM        INNSUM        AGE           FEMALE        IMMI1
              ________      ________      ________      ________      ________
                  1             0             0             0             0


           ALPHA
              IMMI2         PRIOR         INSTI         FOSTER        PSYHLTH
              ________      ________      ________      ________      ________
                  0             0             0             0             0


           BETA
              OUTSUM        INNSUM        AGE           FEMALE        IMMI1
              ________      ________      ________      ________      ________
 OUTSUM             0             2             3             4             5
 INNSUM             0             0             0             0             0
 AGE                0             0             0             0             0
 FEMALE             0             0             0             0             0
 IMMI1              0             0             0             0             0
 IMMI2              0             0             0             0             0
 PRIOR              0             0             0             0             0
 INSTI              0             0             0             0             0
 FOSTER             0             0             0             0             0
 PSYHLTH            0             0             0             0             0


           BETA
              IMMI2         PRIOR         INSTI         FOSTER        PSYHLTH
              ________      ________      ________      ________      ________
 OUTSUM             6             7             8             9            10
 INNSUM             0             0             0             0             0
 AGE                0             0             0             0             0
 FEMALE             0             0             0             0             0
 IMMI1              0             0             0             0             0
 IMMI2              0             0             0             0             0
 PRIOR              0             0             0             0             0
 INSTI              0             0             0             0             0
 FOSTER             0             0             0             0             0
 PSYHLTH            0             0             0             0             0


           PSI
              OUTSUM        INNSUM        AGE           FEMALE        IMMI1
              ________      ________      ________      ________      ________
 OUTSUM            11
 INNSUM             0             0
 AGE                0             0             0
 FEMALE             0             0             0             0
 IMMI1              0             0             0             0             0
 IMMI2              0             0             0             0             0
 PRIOR              0             0             0             0             0
 INSTI              0             0             0             0             0
 FOSTER             0             0             0             0             0
 PSYHLTH            0             0             0             0             0


           PSI
              IMMI2         PRIOR         INSTI         FOSTER        PSYHLTH
              ________      ________      ________      ________      ________
 IMMI2              0
 PRIOR              0             0
 INSTI              0             0             0
 FOSTER             0             0             0             0
 PSYHLTH            0             0             0             0             0


     PARAMETER SPECIFICATION FOR DURING


           NU
              OUTSUM        INNSUM        AGE           FEMALE        IMMI1
              ________      ________      ________      ________      ________
                  0             0             0             0             0


           NU
              IMMI2         PRIOR         INSTI         FOSTER        PSYHLTH
              ________      ________      ________      ________      ________
                  0             0             0             0             0


           LAMBDA
              OUTSUM        INNSUM        AGE           FEMALE        IMMI1
              ________      ________      ________      ________      ________
 OUTSUM             0             0             0             0             0
 INNSUM             0             0             0             0             0
 AGE                0             0             0             0             0
 FEMALE             0             0             0             0             0
 IMMI1              0             0             0             0             0
 IMMI2              0             0             0             0             0
 PRIOR              0             0             0             0             0
 INSTI              0             0             0             0             0
 FOSTER             0             0             0             0             0
 PSYHLTH            0             0             0             0             0


           LAMBDA
              IMMI2         PRIOR         INSTI         FOSTER        PSYHLTH
              ________      ________      ________      ________      ________
 OUTSUM             0             0             0             0             0
 INNSUM             0             0             0             0             0
 AGE                0             0             0             0             0
 FEMALE             0             0             0             0             0
 IMMI1              0             0             0             0             0
 IMMI2              0             0             0             0             0
 PRIOR              0             0             0             0             0
 INSTI              0             0             0             0             0
 FOSTER             0             0             0             0             0
 PSYHLTH            0             0             0             0             0


           THETA
              OUTSUM        INNSUM        AGE           FEMALE        IMMI1
              ________      ________      ________      ________      ________
 OUTSUM             0
 INNSUM             0             0
 AGE                0             0             0
 FEMALE             0             0             0             0
 IMMI1              0             0             0             0             0
 IMMI2              0             0             0             0             0
 PRIOR              0             0             0             0             0
 INSTI              0             0             0             0             0
 FOSTER             0             0             0             0             0
 PSYHLTH            0             0             0             0             0


           THETA
              IMMI2         PRIOR         INSTI         FOSTER        PSYHLTH
              ________      ________      ________      ________      ________
 IMMI2              0
 PRIOR              0             0
 INSTI              0             0             0
 FOSTER             0             0             0             0
 PSYHLTH            0             0             0             0             0


           ALPHA
              OUTSUM        INNSUM        AGE           FEMALE        IMMI1
              ________      ________      ________      ________      ________
                 12             0             0             0             0


           ALPHA
              IMMI2         PRIOR         INSTI         FOSTER        PSYHLTH
              ________      ________      ________      ________      ________
                  0             0             0             0             0


           BETA
              OUTSUM        INNSUM        AGE           FEMALE        IMMI1
              ________      ________      ________      ________      ________
 OUTSUM             0            13            14            15            16
 INNSUM             0             0             0             0             0
 AGE                0             0             0             0             0
 FEMALE             0             0             0             0             0
 IMMI1              0             0             0             0             0
 IMMI2              0             0             0             0             0
 PRIOR              0             0             0             0             0
 INSTI              0             0             0             0             0
 FOSTER             0             0             0             0             0
 PSYHLTH            0             0             0             0             0


           BETA
              IMMI2         PRIOR         INSTI         FOSTER        PSYHLTH
              ________      ________      ________      ________      ________
 OUTSUM            17            18            19            20            21
 INNSUM             0             0             0             0             0
 AGE                0             0             0             0             0
 FEMALE             0             0             0             0             0
 IMMI1              0             0             0             0             0
 IMMI2              0             0             0             0             0
 PRIOR              0             0             0             0             0
 INSTI              0             0             0             0             0
 FOSTER             0             0             0             0             0
 PSYHLTH            0             0             0             0             0


           PSI
              OUTSUM        INNSUM        AGE           FEMALE        IMMI1
              ________      ________      ________      ________      ________
 OUTSUM            22
 INNSUM             0             0
 AGE                0             0             0
 FEMALE             0             0             0             0
 IMMI1              0             0             0             0             0
 IMMI2              0             0             0             0             0
 PRIOR              0             0             0             0             0
 INSTI              0             0             0             0             0
 FOSTER             0             0             0             0             0
 PSYHLTH            0             0             0             0             0


           PSI
              IMMI2         PRIOR         INSTI         FOSTER        PSYHLTH
              ________      ________      ________      ________      ________
 IMMI2              0
 PRIOR              0             0
 INSTI              0             0             0
 FOSTER             0             0             0             0
 PSYHLTH            0             0             0             0             0


     PARAMETER SPECIFICATION FOR AFTER


           NU
              OUTSUM        INNSUM        AGE           FEMALE        IMMI1
              ________      ________      ________      ________      ________
                  0             0             0             0             0


           NU
              IMMI2         PRIOR         INSTI         FOSTER        PSYHLTH
              ________      ________      ________      ________      ________
                  0             0             0             0             0


           LAMBDA
              OUTSUM        INNSUM        AGE           FEMALE        IMMI1
              ________      ________      ________      ________      ________
 OUTSUM             0             0             0             0             0
 INNSUM             0             0             0             0             0
 AGE                0             0             0             0             0
 FEMALE             0             0             0             0             0
 IMMI1              0             0             0             0             0
 IMMI2              0             0             0             0             0
 PRIOR              0             0             0             0             0
 INSTI              0             0             0             0             0
 FOSTER             0             0             0             0             0
 PSYHLTH            0             0             0             0             0


           LAMBDA
              IMMI2         PRIOR         INSTI         FOSTER        PSYHLTH
              ________      ________      ________      ________      ________
 OUTSUM             0             0             0             0             0
 INNSUM             0             0             0             0             0
 AGE                0             0             0             0             0
 FEMALE             0             0             0             0             0
 IMMI1              0             0             0             0             0
 IMMI2              0             0             0             0             0
 PRIOR              0             0             0             0             0
 INSTI              0             0             0             0             0
 FOSTER             0             0             0             0             0
 PSYHLTH            0             0             0             0             0


           THETA
              OUTSUM        INNSUM        AGE           FEMALE        IMMI1
              ________      ________      ________      ________      ________
 OUTSUM             0
 INNSUM             0             0
 AGE                0             0             0
 FEMALE             0             0             0             0
 IMMI1              0             0             0             0             0
 IMMI2              0             0             0             0             0
 PRIOR              0             0             0             0             0
 INSTI              0             0             0             0             0
 FOSTER             0             0             0             0             0
 PSYHLTH            0             0             0             0             0


           THETA
              IMMI2         PRIOR         INSTI         FOSTER        PSYHLTH
              ________      ________      ________      ________      ________
 IMMI2              0
 PRIOR              0             0
 INSTI              0             0             0
 FOSTER             0             0             0             0
 PSYHLTH            0             0             0             0             0


           ALPHA
              OUTSUM        INNSUM        AGE           FEMALE        IMMI1
              ________      ________      ________      ________      ________
                 23             0             0             0             0


           ALPHA
              IMMI2         PRIOR         INSTI         FOSTER        PSYHLTH
              ________      ________      ________      ________      ________
                  0             0             0             0             0


           BETA
              OUTSUM        INNSUM        AGE           FEMALE        IMMI1
              ________      ________      ________      ________      ________
 OUTSUM             0            24            25            26            27
 INNSUM             0             0             0             0             0
 AGE                0             0             0             0             0
 FEMALE             0             0             0             0             0
 IMMI1              0             0             0             0             0
 IMMI2              0             0             0             0             0
 PRIOR              0             0             0             0             0
 INSTI              0             0             0             0             0
 FOSTER             0             0             0             0             0
 PSYHLTH            0             0             0             0             0


           BETA
              IMMI2         PRIOR         INSTI         FOSTER        PSYHLTH
              ________      ________      ________      ________      ________
 OUTSUM            28            29            30            31            32
 INNSUM             0             0             0             0             0
 AGE                0             0             0             0             0
 FEMALE             0             0             0             0             0
 IMMI1              0             0             0             0             0
 IMMI2              0             0             0             0             0
 PRIOR              0             0             0             0             0
 INSTI              0             0             0             0             0
 FOSTER             0             0             0             0             0
 PSYHLTH            0             0             0             0             0


           PSI
              OUTSUM        INNSUM        AGE           FEMALE        IMMI1
              ________      ________      ________      ________      ________
 OUTSUM            33
 INNSUM             0             0
 AGE                0             0             0
 FEMALE             0             0             0             0
 IMMI1              0             0             0             0             0
 IMMI2              0             0             0             0             0
 PRIOR              0             0             0             0             0
 INSTI              0             0             0             0             0
 FOSTER             0             0             0             0             0
 PSYHLTH            0             0             0             0             0


           PSI
              IMMI2         PRIOR         INSTI         FOSTER        PSYHLTH
              ________      ________      ________      ________      ________
 IMMI2              0
 PRIOR              0             0
 INSTI              0             0             0
 FOSTER             0             0             0             0
 PSYHLTH            0             0             0             0             0


     STARTING VALUES FOR BEFORE


           NU
              OUTSUM        INNSUM        AGE           FEMALE        IMMI1
              ________      ________      ________      ________      ________
                0.000         0.000         0.000         0.000         0.000


           NU
              IMMI2         PRIOR         INSTI         FOSTER        PSYHLTH
              ________      ________      ________      ________      ________
                0.000         0.000         0.000         0.000         0.000


           LAMBDA
              OUTSUM        INNSUM        AGE           FEMALE        IMMI1
              ________      ________      ________      ________      ________
 OUTSUM         1.000         0.000         0.000         0.000         0.000
 INNSUM         0.000         1.000         0.000         0.000         0.000
 AGE            0.000         0.000         1.000         0.000         0.000
 FEMALE         0.000         0.000         0.000         1.000         0.000
 IMMI1          0.000         0.000         0.000         0.000         1.000
 IMMI2          0.000         0.000         0.000         0.000         0.000
 PRIOR          0.000         0.000         0.000         0.000         0.000
 INSTI          0.000         0.000         0.000         0.000         0.000
 FOSTER         0.000         0.000         0.000         0.000         0.000
 PSYHLTH        0.000         0.000         0.000         0.000         0.000


           LAMBDA
              IMMI2         PRIOR         INSTI         FOSTER        PSYHLTH
              ________      ________      ________      ________      ________
 OUTSUM         0.000         0.000         0.000         0.000         0.000
 INNSUM         0.000         0.000         0.000         0.000         0.000
 AGE            0.000         0.000         0.000         0.000         0.000
 FEMALE         0.000         0.000         0.000         0.000         0.000
 IMMI1          0.000         0.000         0.000         0.000         0.000
 IMMI2          1.000         0.000         0.000         0.000         0.000
 PRIOR          0.000         1.000         0.000         0.000         0.000
 INSTI          0.000         0.000         1.000         0.000         0.000
 FOSTER         0.000         0.000         0.000         1.000         0.000
 PSYHLTH        0.000         0.000         0.000         0.000         1.000


           THETA
              OUTSUM        INNSUM        AGE           FEMALE        IMMI1
              ________      ________      ________      ________      ________
 OUTSUM         0.000
 INNSUM         0.000         0.000
 AGE            0.000         0.000         0.000
 FEMALE         0.000         0.000         0.000         0.000
 IMMI1          0.000         0.000         0.000         0.000         0.000
 IMMI2          0.000         0.000         0.000         0.000         0.000
 PRIOR          0.000         0.000         0.000         0.000         0.000
 INSTI          0.000         0.000         0.000         0.000         0.000
 FOSTER         0.000         0.000         0.000         0.000         0.000
 PSYHLTH        0.000         0.000         0.000         0.000         0.000


           THETA
              IMMI2         PRIOR         INSTI         FOSTER        PSYHLTH
              ________      ________      ________      ________      ________
 IMMI2          0.000
 PRIOR          0.000         0.000
 INSTI          0.000         0.000         0.000
 FOSTER         0.000         0.000         0.000         0.000
 PSYHLTH        0.000         0.000         0.000         0.000         0.000


           ALPHA
              OUTSUM        INNSUM        AGE           FEMALE        IMMI1
              ________      ________      ________      ________      ________
                4.776         4.034        14.027         0.463         0.102


           ALPHA
              IMMI2         PRIOR         INSTI         FOSTER        PSYHLTH
              ________      ________      ________      ________      ________
                0.088         0.109         0.109         0.061         0.565


           BETA
              OUTSUM        INNSUM        AGE           FEMALE        IMMI1
              ________      ________      ________      ________      ________
 OUTSUM         0.000         0.000         0.000         0.000         0.000
 INNSUM         0.000         0.000         0.000         0.000         0.000
 AGE            0.000         0.000         0.000         0.000         0.000
 FEMALE         0.000         0.000         0.000         0.000         0.000
 IMMI1          0.000         0.000         0.000         0.000         0.000
 IMMI2          0.000         0.000         0.000         0.000         0.000
 PRIOR          0.000         0.000         0.000         0.000         0.000
 INSTI          0.000         0.000         0.000         0.000         0.000
 FOSTER         0.000         0.000         0.000         0.000         0.000
 PSYHLTH        0.000         0.000         0.000         0.000         0.000


           BETA
              IMMI2         PRIOR         INSTI         FOSTER        PSYHLTH
              ________      ________      ________      ________      ________
 OUTSUM         0.000         0.000         0.000         0.000         0.000
 INNSUM         0.000         0.000         0.000         0.000         0.000
 AGE            0.000         0.000         0.000         0.000         0.000
 FEMALE         0.000         0.000         0.000         0.000         0.000
 IMMI1          0.000         0.000         0.000         0.000         0.000
 IMMI2          0.000         0.000         0.000         0.000         0.000
 PRIOR          0.000         0.000         0.000         0.000         0.000
 INSTI          0.000         0.000         0.000         0.000         0.000
 FOSTER         0.000         0.000         0.000         0.000         0.000
 PSYHLTH        0.000         0.000         0.000         0.000         0.000


           PSI
              OUTSUM        INNSUM        AGE           FEMALE        IMMI1
              ________      ________      ________      ________      ________
 OUTSUM         0.182
 INNSUM         0.000         1.053
 AGE            0.000        -0.525         4.163
 FEMALE         0.000         0.011         0.137         0.249
 IMMI1          0.000        -0.024         0.045        -0.013         0.092
 IMMI2          0.000         0.024        -0.009         0.014        -0.009
 PRIOR          0.000        -0.045        -0.098         0.011        -0.011
 INSTI          0.000        -0.092         0.031        -0.003         0.009
 FOSTER         0.000        -0.036         0.046         0.006        -0.006
 PSYHLTH        0.000        -0.087         0.202         0.025         0.010


           PSI
              IMMI2         PRIOR         INSTI         FOSTER        PSYHLTH
              ________      ________      ________      ________      ________
 IMMI2          0.081
 PRIOR         -0.003         0.097
 INSTI         -0.003         0.022         0.097
 FOSTER         0.008         0.007         0.007         0.057
 PSYHLTH       -0.016         0.013         0.020        -0.001         0.246


     STARTING VALUES FOR DURING


           NU
              OUTSUM        INNSUM        AGE           FEMALE        IMMI1
              ________      ________      ________      ________      ________
                0.000         0.000         0.000         0.000         0.000


           NU
              IMMI2         PRIOR         INSTI         FOSTER        PSYHLTH
              ________      ________      ________      ________      ________
                0.000         0.000         0.000         0.000         0.000


           LAMBDA
              OUTSUM        INNSUM        AGE           FEMALE        IMMI1
              ________      ________      ________      ________      ________
 OUTSUM         1.000         0.000         0.000         0.000         0.000
 INNSUM         0.000         1.000         0.000         0.000         0.000
 AGE            0.000         0.000         1.000         0.000         0.000
 FEMALE         0.000         0.000         0.000         1.000         0.000
 IMMI1          0.000         0.000         0.000         0.000         1.000
 IMMI2          0.000         0.000         0.000         0.000         0.000
 PRIOR          0.000         0.000         0.000         0.000         0.000
 INSTI          0.000         0.000         0.000         0.000         0.000
 FOSTER         0.000         0.000         0.000         0.000         0.000
 PSYHLTH        0.000         0.000         0.000         0.000         0.000


           LAMBDA
              IMMI2         PRIOR         INSTI         FOSTER        PSYHLTH
              ________      ________      ________      ________      ________
 OUTSUM         0.000         0.000         0.000         0.000         0.000
 INNSUM         0.000         0.000         0.000         0.000         0.000
 AGE            0.000         0.000         0.000         0.000         0.000
 FEMALE         0.000         0.000         0.000         0.000         0.000
 IMMI1          0.000         0.000         0.000         0.000         0.000
 IMMI2          1.000         0.000         0.000         0.000         0.000
 PRIOR          0.000         1.000         0.000         0.000         0.000
 INSTI          0.000         0.000         1.000         0.000         0.000
 FOSTER         0.000         0.000         0.000         1.000         0.000
 PSYHLTH        0.000         0.000         0.000         0.000         1.000


           THETA
              OUTSUM        INNSUM        AGE           FEMALE        IMMI1
              ________      ________      ________      ________      ________
 OUTSUM         0.000
 INNSUM         0.000         0.000
 AGE            0.000         0.000         0.000
 FEMALE         0.000         0.000         0.000         0.000
 IMMI1          0.000         0.000         0.000         0.000         0.000
 IMMI2          0.000         0.000         0.000         0.000         0.000
 PRIOR          0.000         0.000         0.000         0.000         0.000
 INSTI          0.000         0.000         0.000         0.000         0.000
 FOSTER         0.000         0.000         0.000         0.000         0.000
 PSYHLTH        0.000         0.000         0.000         0.000         0.000


           THETA
              IMMI2         PRIOR         INSTI         FOSTER        PSYHLTH
              ________      ________      ________      ________      ________
 IMMI2          0.000
 PRIOR          0.000         0.000
 INSTI          0.000         0.000         0.000
 FOSTER         0.000         0.000         0.000         0.000
 PSYHLTH        0.000         0.000         0.000         0.000         0.000


           ALPHA
              OUTSUM        INNSUM        AGE           FEMALE        IMMI1
              ________      ________      ________      ________      ________
                4.776         4.157        14.503         0.491         0.113


           ALPHA
              IMMI2         PRIOR         INSTI         FOSTER        PSYHLTH
              ________      ________      ________      ________      ________
                0.164         0.113         0.138         0.075         0.572


           BETA
              OUTSUM        INNSUM        AGE           FEMALE        IMMI1
              ________      ________      ________      ________      ________
 OUTSUM         0.000         0.000         0.000         0.000         0.000
 INNSUM         0.000         0.000         0.000         0.000         0.000
 AGE            0.000         0.000         0.000         0.000         0.000
 FEMALE         0.000         0.000         0.000         0.000         0.000
 IMMI1          0.000         0.000         0.000         0.000         0.000
 IMMI2          0.000         0.000         0.000         0.000         0.000
 PRIOR          0.000         0.000         0.000         0.000         0.000
 INSTI          0.000         0.000         0.000         0.000         0.000
 FOSTER         0.000         0.000         0.000         0.000         0.000
 PSYHLTH        0.000         0.000         0.000         0.000         0.000


           BETA
              IMMI2         PRIOR         INSTI         FOSTER        PSYHLTH
              ________      ________      ________      ________      ________
 OUTSUM         0.000         0.000         0.000         0.000         0.000
 INNSUM         0.000         0.000         0.000         0.000         0.000
 AGE            0.000         0.000         0.000         0.000         0.000
 FEMALE         0.000         0.000         0.000         0.000         0.000
 IMMI1          0.000         0.000         0.000         0.000         0.000
 IMMI2          0.000         0.000         0.000         0.000         0.000
 PRIOR          0.000         0.000         0.000         0.000         0.000
 INSTI          0.000         0.000         0.000         0.000         0.000
 FOSTER         0.000         0.000         0.000         0.000         0.000
 PSYHLTH        0.000         0.000         0.000         0.000         0.000


           PSI
              OUTSUM        INNSUM        AGE           FEMALE        IMMI1
              ________      ________      ________      ________      ________
 OUTSUM         0.182
 INNSUM         0.000         0.925
 AGE            0.000        -0.312         3.596
 FEMALE         0.000         0.011         0.061         0.250
 IMMI1          0.000        -0.056         0.081         0.007         0.100
 IMMI2          0.000         0.012         0.062         0.008        -0.019
 PRIOR          0.000        -0.062         0.006        -0.024        -0.013
 INSTI          0.000        -0.122         0.075         0.026         0.028
 FOSTER         0.000        -0.006         0.006         0.001         0.010
 PSYHLTH        0.000        -0.065         0.052         0.040        -0.008


           PSI
              IMMI2         PRIOR         INSTI         FOSTER        PSYHLTH
              ________      ________      ________      ________      ________
 IMMI2          0.137
 PRIOR          0.000         0.100
 INSTI          0.009         0.009         0.119
 FOSTER        -0.012         0.004         0.002         0.070
 PSYHLTH       -0.006         0.017         0.009         0.013         0.245


     STARTING VALUES FOR AFTER


           NU
              OUTSUM        INNSUM        AGE           FEMALE        IMMI1
              ________      ________      ________      ________      ________
                0.000         0.000         0.000         0.000         0.000


           NU
              IMMI2         PRIOR         INSTI         FOSTER        PSYHLTH
              ________      ________      ________      ________      ________
                0.000         0.000         0.000         0.000         0.000


           LAMBDA
              OUTSUM        INNSUM        AGE           FEMALE        IMMI1
              ________      ________      ________      ________      ________
 OUTSUM         1.000         0.000         0.000         0.000         0.000
 INNSUM         0.000         1.000         0.000         0.000         0.000
 AGE            0.000         0.000         1.000         0.000         0.000
 FEMALE         0.000         0.000         0.000         1.000         0.000
 IMMI1          0.000         0.000         0.000         0.000         1.000
 IMMI2          0.000         0.000         0.000         0.000         0.000
 PRIOR          0.000         0.000         0.000         0.000         0.000
 INSTI          0.000         0.000         0.000         0.000         0.000
 FOSTER         0.000         0.000         0.000         0.000         0.000
 PSYHLTH        0.000         0.000         0.000         0.000         0.000


           LAMBDA
              IMMI2         PRIOR         INSTI         FOSTER        PSYHLTH
              ________      ________      ________      ________      ________
 OUTSUM         0.000         0.000         0.000         0.000         0.000
 INNSUM         0.000         0.000         0.000         0.000         0.000
 AGE            0.000         0.000         0.000         0.000         0.000
 FEMALE         0.000         0.000         0.000         0.000         0.000
 IMMI1          0.000         0.000         0.000         0.000         0.000
 IMMI2          1.000         0.000         0.000         0.000         0.000
 PRIOR          0.000         1.000         0.000         0.000         0.000
 INSTI          0.000         0.000         1.000         0.000         0.000
 FOSTER         0.000         0.000         0.000         1.000         0.000
 PSYHLTH        0.000         0.000         0.000         0.000         1.000


           THETA
              OUTSUM        INNSUM        AGE           FEMALE        IMMI1
              ________      ________      ________      ________      ________
 OUTSUM         0.000
 INNSUM         0.000         0.000
 AGE            0.000         0.000         0.000
 FEMALE         0.000         0.000         0.000         0.000
 IMMI1          0.000         0.000         0.000         0.000         0.000
 IMMI2          0.000         0.000         0.000         0.000         0.000
 PRIOR          0.000         0.000         0.000         0.000         0.000
 INSTI          0.000         0.000         0.000         0.000         0.000
 FOSTER         0.000         0.000         0.000         0.000         0.000
 PSYHLTH        0.000         0.000         0.000         0.000         0.000


           THETA
              IMMI2         PRIOR         INSTI         FOSTER        PSYHLTH
              ________      ________      ________      ________      ________
 IMMI2          0.000
 PRIOR          0.000         0.000
 INSTI          0.000         0.000         0.000
 FOSTER         0.000         0.000         0.000         0.000
 PSYHLTH        0.000         0.000         0.000         0.000         0.000


           ALPHA
              OUTSUM        INNSUM        AGE           FEMALE        IMMI1
              ________      ________      ________      ________      ________
                4.776         4.118        14.127         0.519         0.118


           ALPHA
              IMMI2         PRIOR         INSTI         FOSTER        PSYHLTH
              ________      ________      ________      ________      ________
                0.108         0.113         0.123         0.075         0.623


           BETA
              OUTSUM        INNSUM        AGE           FEMALE        IMMI1
              ________      ________      ________      ________      ________
 OUTSUM         0.000         0.000         0.000         0.000         0.000
 INNSUM         0.000         0.000         0.000         0.000         0.000
 AGE            0.000         0.000         0.000         0.000         0.000
 FEMALE         0.000         0.000         0.000         0.000         0.000
 IMMI1          0.000         0.000         0.000         0.000         0.000
 IMMI2          0.000         0.000         0.000         0.000         0.000
 PRIOR          0.000         0.000         0.000         0.000         0.000
 INSTI          0.000         0.000         0.000         0.000         0.000
 FOSTER         0.000         0.000         0.000         0.000         0.000
 PSYHLTH        0.000         0.000         0.000         0.000         0.000


           BETA
              IMMI2         PRIOR         INSTI         FOSTER        PSYHLTH
              ________      ________      ________      ________      ________
 OUTSUM         0.000         0.000         0.000         0.000         0.000
 INNSUM         0.000         0.000         0.000         0.000         0.000
 AGE            0.000         0.000         0.000         0.000         0.000
 FEMALE         0.000         0.000         0.000         0.000         0.000
 IMMI1          0.000         0.000         0.000         0.000         0.000
 IMMI2          0.000         0.000         0.000         0.000         0.000
 PRIOR          0.000         0.000         0.000         0.000         0.000
 INSTI          0.000         0.000         0.000         0.000         0.000
 FOSTER         0.000         0.000         0.000         0.000         0.000
 PSYHLTH        0.000         0.000         0.000         0.000         0.000


           PSI
              OUTSUM        INNSUM        AGE           FEMALE        IMMI1
              ________      ________      ________      ________      ________
 OUTSUM         0.182
 INNSUM         0.000         0.821
 AGE            0.000         0.037         3.526
 FEMALE         0.000         0.071         0.090         0.250
 IMMI1          0.000        -0.028         0.023         0.005         0.104
 IMMI2          0.000        -0.008        -0.113         0.000        -0.013
 PRIOR          0.000        -0.023        -0.019        -0.002        -0.013
 INSTI          0.000        -0.123         0.060         0.017         0.019
 FOSTER         0.000         0.019        -0.024        -0.011         0.001
 PSYHLTH        0.000        -0.092         0.105        -0.012        -0.017


           PSI
              IMMI2         PRIOR         INSTI         FOSTER        PSYHLTH
              ________      ________      ________      ________      ________
 IMMI2          0.097
 PRIOR          0.002         0.100
 INSTI         -0.004        -0.004         0.108
 FOSTER         0.001         0.001        -0.005         0.070
 PSYHLTH       -0.011         0.005         0.018         0.010         0.235


SAVEDATA INFORMATION


  Save file
    fft_1_sum_*.dat

  Order of variables

    OUTSUM
    INNSUM
    AGE
    FEMALE
    IMMI1
    IMMI2
    PRIOR
    INSTI
    FOSTER
    PSYHLTH
    AGECOH

  Save file format           Free

  Save file record length    10000

  Save missing symbol        *


     Beginning Time:  15:33:23
        Ending Time:  15:33:29
       Elapsed Time:  00:00:06



MUTHEN & MUTHEN
3463 Stoner Ave.
Los Angeles, CA  90066

Tel: (310) 391-9971
Fax: (310) 391-8971
Web: www.StatModel.com
Support: Support@StatModel.com

Copyright (c) 1998-2023 Muthen & Muthen
