Mplus VERSION 8.9
MUTHEN & MUTHEN
04/27/2023   3:33 PM

INPUT INSTRUCTIONS

  TITLE:
      Exploratory analysis of FFT effectiveness during COVID-19
      Outcome var outyls

  DATA:
      file = "FFT.dat";
      ngroups = 3;

  VARIABLE:
      names =
          ! Var # 1--7
          agecoh ageter region age                        ! Admin var
          compstat compbin trmtleng
          ! Var # 8--11
          immi1 immi2 female country                      ! Demographic
          ! Var # 12--20
          travel venu team                                ! Treament var
          prior insti video refer foster psyhlth
          ! Var # 21--26
          innhome innvio innsch innlaw inndrug innsum     ! Admission (T0)
          ! Var # 27--35
          innyls1 innyls2 innyls3 innyls4 innyls5
          innyls6 innyls7 innyls8 innylss
          ! Var # 36--41
          outhome outvio outsch outlaw outdrug outsum     ! Discharge (T1)
          ! Var # 42--50
          outyls1 outyls2 outyls3 outyls4 outyls5
          outyls6 outyls7 outyls8 outylss
          ! Var # 51--56                                  ! Follow-ups
          home6 vio6 sch6 law6 drug6 sum6                 ! 6-month (T2)
          ! Var # 57--62
          home12 vio12 sch12 law12 drug12 sum12           ! 12-month (T3)
          ! Var # 63--68
          home18 vio18 sch18 law18 drug18 sum18           ! 18-month (T4)
          ! Var # 69--74
          t0 t1 t2 t3 t4 chgyls
          ;

      usevar =
          innylss outylss
          age female immi1 immi2
          prior insti foster psyhlth
          ;

      missing = all (-999);

      grouping = agecoh (1 = before 2 = during 3 = after);

  DATA IMPUTATION:
      impute =
          innylss outylss
          age female immi1 immi2
          prior insti foster psyhlth
          ;
      ndatasets = 10;
      save = fft_2_yls_*.dat;

  ANALYSIS:
      estimator = mlr;

  MODEL:
      outylss on
          innylss
          age female immi1 immi2
          prior insti foster psyhlth
      ;

  OUTPUT:
      stdyx;



INPUT READING TERMINATED NORMALLY




Exploratory analysis of FFT effectiveness during COVID-19
Outcome var outyls

SUMMARY OF ANALYSIS

Number of groups                                                 3
Average number of observations
   Group BEFORE                                                147
   Group DURING                                                159
   Group AFTER                                                 212
   Total sample size                                           518

Number of replications
    Requested                                                   10
    Completed                                                   10

Number of dependent variables                                    1
Number of independent variables                                  9
Number of continuous latent variables                            0

Observed dependent variables

  Continuous
   OUTYLSS

Observed independent variables
   INNYLSS     AGE         FEMALE      IMMI1       IMMI2       PRIOR
   INSTI       FOSTER      PSYHLTH

Variables with special functions

  Grouping variable     AGECOH

Variables used for imputation

  Variables imputed as continuous
   INNYLSS     OUTYLSS     AGE         FEMALE      IMMI1       IMMI2
   PRIOR       INSTI       FOSTER      PSYHLTH


Estimator                                                      MLR
Information matrix                                        OBSERVED
Maximum number of iterations                                  1000
Convergence criterion                                    0.500D-04
Maximum number of steepest descent iterations                   20
Maximum number of iterations for H1                           2000
Convergence criterion for H1                             0.100D-03
Specifications for Bayesian Estimation
  Point estimate                                            MEDIAN
  Number of Markov chain Monte Carlo (MCMC) chains               2
  Random seed for the first chain                                0
  Starting value information                           UNPERTURBED
  Algorithm used for Markov chain Monte Carlo           GIBBS(PX1)
  Convergence criterion                                  0.500D-01
  Maximum number of iterations                               50000
  K-th iteration used for thinning                               1
Specifications for Data Imputation
  Number of imputed data sets                                   10
  H1 imputation model type                              COVARIANCE
  Iteration intervals for thinning                             100

Input data file(s)
  FFT.dat

Input data format  FREE


SUMMARY OF DATA FOR THE FIRST DATA SET

   Group BEFORE
     Number of missing data patterns             1

   Group DURING
     Number of missing data patterns             1

   Group AFTER
     Number of missing data patterns             1


SUMMARY OF MISSING DATA PATTERNS FOR THE FIRST DATA SET


     MISSING DATA PATTERNS FOR BEFORE (x = not missing)

           1
 OUTYLSS   x
 INNYLSS   x
 AGE       x
 FEMALE    x
 IMMI1     x
 IMMI2     x
 PRIOR     x
 INSTI     x
 FOSTER    x
 PSYHLTH   x


     MISSING DATA PATTERN FREQUENCIES FOR BEFORE

    Pattern   Frequency
          1         147


     MISSING DATA PATTERNS FOR DURING (x = not missing)

           1
 OUTYLSS   x
 INNYLSS   x
 AGE       x
 FEMALE    x
 IMMI1     x
 IMMI2     x
 PRIOR     x
 INSTI     x
 FOSTER    x
 PSYHLTH   x


     MISSING DATA PATTERN FREQUENCIES FOR DURING

    Pattern   Frequency
          1         159


     MISSING DATA PATTERNS FOR AFTER (x = not missing)

           1
 OUTYLSS   x
 INNYLSS   x
 AGE       x
 FEMALE    x
 IMMI1     x
 IMMI2     x
 PRIOR     x
 INSTI     x
 FOSTER    x
 PSYHLTH   x


     MISSING DATA PATTERN FREQUENCIES FOR AFTER

    Pattern   Frequency
          1         212


COVARIANCE COVERAGE OF DATA FOR THE FIRST DATA SET

Minimum covariance coverage value   0.100


     PROPORTION OF DATA PRESENT FOR BEFORE


           Covariance Coverage
              OUTYLSS       INNYLSS       AGE           FEMALE        IMMI1
              ________      ________      ________      ________      ________
 OUTYLSS        1.000
 INNYLSS        1.000         1.000
 AGE            1.000         1.000         1.000
 FEMALE         1.000         1.000         1.000         1.000
 IMMI1          1.000         1.000         1.000         1.000         1.000
 IMMI2          1.000         1.000         1.000         1.000         1.000
 PRIOR          1.000         1.000         1.000         1.000         1.000
 INSTI          1.000         1.000         1.000         1.000         1.000
 FOSTER         1.000         1.000         1.000         1.000         1.000
 PSYHLTH        1.000         1.000         1.000         1.000         1.000


           Covariance Coverage
              IMMI2         PRIOR         INSTI         FOSTER        PSYHLTH
              ________      ________      ________      ________      ________
 IMMI2          1.000
 PRIOR          1.000         1.000
 INSTI          1.000         1.000         1.000
 FOSTER         1.000         1.000         1.000         1.000
 PSYHLTH        1.000         1.000         1.000         1.000         1.000


     PROPORTION OF DATA PRESENT FOR DURING


           Covariance Coverage
              OUTYLSS       INNYLSS       AGE           FEMALE        IMMI1
              ________      ________      ________      ________      ________
 OUTYLSS        1.000
 INNYLSS        1.000         1.000
 AGE            1.000         1.000         1.000
 FEMALE         1.000         1.000         1.000         1.000
 IMMI1          1.000         1.000         1.000         1.000         1.000
 IMMI2          1.000         1.000         1.000         1.000         1.000
 PRIOR          1.000         1.000         1.000         1.000         1.000
 INSTI          1.000         1.000         1.000         1.000         1.000
 FOSTER         1.000         1.000         1.000         1.000         1.000
 PSYHLTH        1.000         1.000         1.000         1.000         1.000


           Covariance Coverage
              IMMI2         PRIOR         INSTI         FOSTER        PSYHLTH
              ________      ________      ________      ________      ________
 IMMI2          1.000
 PRIOR          1.000         1.000
 INSTI          1.000         1.000         1.000
 FOSTER         1.000         1.000         1.000         1.000
 PSYHLTH        1.000         1.000         1.000         1.000         1.000


     PROPORTION OF DATA PRESENT FOR AFTER


           Covariance Coverage
              OUTYLSS       INNYLSS       AGE           FEMALE        IMMI1
              ________      ________      ________      ________      ________
 OUTYLSS        1.000
 INNYLSS        1.000         1.000
 AGE            1.000         1.000         1.000
 FEMALE         1.000         1.000         1.000         1.000
 IMMI1          1.000         1.000         1.000         1.000         1.000
 IMMI2          1.000         1.000         1.000         1.000         1.000
 PRIOR          1.000         1.000         1.000         1.000         1.000
 INSTI          1.000         1.000         1.000         1.000         1.000
 FOSTER         1.000         1.000         1.000         1.000         1.000
 PSYHLTH        1.000         1.000         1.000         1.000         1.000


           Covariance Coverage
              IMMI2         PRIOR         INSTI         FOSTER        PSYHLTH
              ________      ________      ________      ________      ________
 IMMI2          1.000
 PRIOR          1.000         1.000
 INSTI          1.000         1.000         1.000
 FOSTER         1.000         1.000         1.000         1.000
 PSYHLTH        1.000         1.000         1.000         1.000         1.000


SAMPLE STATISTICS

NOTE:  These are average results over 10 data sets.


     ESTIMATED SAMPLE STATISTICS FOR BEFORE


           Means
              OUTYLSS       INNYLSS       AGE           FEMALE        IMMI1
              ________      ________      ________      ________      ________
                5.912        11.803        14.027         0.463         0.102


           Means
              IMMI2         PRIOR         INSTI         FOSTER        PSYHLTH
              ________      ________      ________      ________      ________
                0.088         0.109         0.109         0.061         0.565


           Covariances
              OUTYLSS       INNYLSS       AGE           FEMALE        IMMI1
              ________      ________      ________      ________      ________
 OUTYLSS       22.026
 INNYLSS       14.540        30.567
 AGE            1.465         2.876         4.163
 FEMALE        -0.252        -0.092         0.137         0.249
 IMMI1          0.023         0.163         0.045        -0.013         0.092
 IMMI2         -0.067        -0.051        -0.009         0.014        -0.009
 PRIOR          0.268         0.409        -0.098         0.011        -0.011
 INSTI          0.152         0.321         0.031        -0.003         0.009
 FOSTER         0.291         0.148         0.046         0.006        -0.006
 PSYHLTH        0.295         0.370         0.202         0.025         0.010


           Covariances
              IMMI2         PRIOR         INSTI         FOSTER        PSYHLTH
              ________      ________      ________      ________      ________
 IMMI2          0.081
 PRIOR         -0.003         0.097
 INSTI         -0.003         0.022         0.097
 FOSTER         0.008         0.007         0.007         0.057
 PSYHLTH       -0.016         0.013         0.020        -0.001         0.246


           Correlations
              OUTYLSS       INNYLSS       AGE           FEMALE        IMMI1
              ________      ________      ________      ________      ________
 OUTYLSS        1.000
 INNYLSS        0.560         1.000
 AGE            0.153         0.255         1.000
 FEMALE        -0.108        -0.034         0.135         1.000
 IMMI1          0.016         0.097         0.073        -0.087         1.000
 IMMI2         -0.050        -0.032        -0.016         0.095        -0.105
 PRIOR          0.183         0.238        -0.155         0.070        -0.118
 INSTI          0.104         0.186         0.049        -0.018         0.099
 FOSTER         0.259         0.112         0.094         0.048        -0.086
 PSYHLTH        0.127         0.135         0.200         0.099         0.069


           Correlations
              IMMI2         PRIOR         INSTI         FOSTER        PSYHLTH
              ________      ________      ________      ________      ________
 IMMI2          1.000
 PRIOR         -0.032         1.000
 INSTI         -0.032         0.229         1.000
 FOSTER         0.120         0.093         0.093         1.000
 PSYHLTH       -0.113         0.087         0.131        -0.005         1.000


     ESTIMATED SAMPLE STATISTICS FOR DURING


           Means
              OUTYLSS       INNYLSS       AGE           FEMALE        IMMI1
              ________      ________      ________      ________      ________
                5.138        11.069        14.503         0.491         0.113


           Means
              IMMI2         PRIOR         INSTI         FOSTER        PSYHLTH
              ________      ________      ________      ________      ________
                0.164         0.113         0.138         0.075         0.572


           Covariances
              OUTYLSS       INNYLSS       AGE           FEMALE        IMMI1
              ________      ________      ________      ________      ________
 OUTYLSS       15.931
 INNYLSS       13.154        27.171
 AGE           -0.831         0.418         3.596
 FEMALE        -0.018        -0.342         0.061         0.250
 IMMI1         -0.035        -0.052         0.081         0.007         0.100
 IMMI2         -0.243        -0.250         0.062         0.008        -0.019
 PRIOR          0.230         0.464         0.006        -0.024        -0.013
 INSTI         -0.007         0.110         0.075         0.026         0.028
 FOSTER         0.008         0.020         0.006         0.001         0.010
 PSYHLTH        0.443         0.765         0.052         0.040        -0.008


           Covariances
              IMMI2         PRIOR         INSTI         FOSTER        PSYHLTH
              ________      ________      ________      ________      ________
 IMMI2          0.137
 PRIOR          0.000         0.100
 INSTI          0.009         0.009         0.119
 FOSTER        -0.012         0.004         0.002         0.070
 PSYHLTH       -0.006         0.017         0.009         0.013         0.245


           Correlations
              OUTYLSS       INNYLSS       AGE           FEMALE        IMMI1
              ________      ________      ________      ________      ________
 OUTYLSS        1.000
 INNYLSS        0.632         1.000
 AGE           -0.110         0.042         1.000
 FEMALE        -0.009        -0.131         0.065         1.000
 IMMI1         -0.027        -0.031         0.135         0.046         1.000
 IMMI2         -0.164        -0.130         0.089         0.042        -0.158
 PRIOR          0.182         0.281         0.010        -0.152        -0.128
 INSTI         -0.005         0.061         0.115         0.153         0.259
 FOSTER         0.008         0.014         0.012         0.005         0.123
 PSYHLTH        0.224         0.297         0.055         0.162        -0.052


           Correlations
              IMMI2         PRIOR         INSTI         FOSTER        PSYHLTH
              ________      ________      ________      ________      ________
 IMMI2          1.000
 PRIOR          0.003         1.000
 INSTI          0.069         0.087         1.000
 FOSTER        -0.126         0.048         0.023         1.000
 PSYHLTH       -0.030         0.108         0.052         0.103         1.000


     ESTIMATED SAMPLE STATISTICS FOR AFTER


           Means
              OUTYLSS       INNYLSS       AGE           FEMALE        IMMI1
              ________      ________      ________      ________      ________
                6.693        12.104        14.127         0.519         0.118


           Means
              IMMI2         PRIOR         INSTI         FOSTER        PSYHLTH
              ________      ________      ________      ________      ________
                0.108         0.113         0.123         0.075         0.623


           Covariances
              OUTYLSS       INNYLSS       AGE           FEMALE        IMMI1
              ________      ________      ________      ________      ________
 OUTYLSS       20.420
 INNYLSS       18.008        28.329
 AGE           -0.702        -0.975         3.526
 FEMALE        -0.383        -0.389         0.090         0.250
 IMMI1          0.064         0.143         0.023         0.005         0.104
 IMMI2         -0.019        -0.181        -0.113         0.000        -0.013
 PRIOR          0.143         0.333        -0.019        -0.002        -0.013
 INSTI          0.401         0.369         0.060         0.017         0.019
 FOSTER         0.080        -0.064        -0.024        -0.011         0.001
 PSYHLTH        0.455         0.525         0.105        -0.012        -0.017


           Covariances
              IMMI2         PRIOR         INSTI         FOSTER        PSYHLTH
              ________      ________      ________      ________      ________
 IMMI2          0.097
 PRIOR          0.002         0.100
 INSTI         -0.004        -0.004         0.108
 FOSTER         0.001         0.001        -0.005         0.070
 PSYHLTH       -0.011         0.005         0.018         0.010         0.235


           Correlations
              OUTYLSS       INNYLSS       AGE           FEMALE        IMMI1
              ________      ________      ________      ________      ________
 OUTYLSS        1.000
 INNYLSS        0.749         1.000
 AGE           -0.083        -0.098         1.000
 FEMALE        -0.170        -0.146         0.095         1.000
 IMMI1          0.044         0.084         0.038         0.030         1.000
 IMMI2         -0.013        -0.109        -0.193         0.002        -0.128
 PRIOR          0.100         0.197        -0.032        -0.013        -0.131
 INSTI          0.270         0.212         0.097         0.101         0.175
 FOSTER         0.067        -0.046        -0.048        -0.082         0.006
 PSYHLTH        0.208         0.203         0.115        -0.049        -0.108


           Correlations
              IMMI2         PRIOR         INSTI         FOSTER        PSYHLTH
              ________      ________      ________      ________      ________
 IMMI2          1.000
 PRIOR          0.019         1.000
 INSTI         -0.038        -0.043         1.000
 FOSTER         0.015         0.011        -0.052         1.000
 PSYHLTH       -0.073         0.032         0.113         0.075         1.000


UNIVARIATE SAMPLE STATISTICS


     UNIVARIATE HIGHER-ORDER MOMENT DESCRIPTIVE STATISTICS FOR BEFORE

         Variable/         Mean/     Skewness/   Minimum/ % with                Percentiles
        Sample Size      Variance    Kurtosis    Maximum  Min/Max      20%/60%    40%/80%    Median

     OUTYLSS               5.912       1.295       0.000    7.48%       2.000      4.000      5.000
             147.000      22.026       2.009      24.000    0.68%       6.000      9.000
     INNYLSS              11.803       0.635       0.000    0.68%       8.000     10.000     11.000
             147.000      30.567       0.764      29.000    1.36%      12.000     16.000
     AGE                  14.027      -0.888       7.000    1.36%      12.000     14.000     14.000
             147.000       4.163       0.853      18.000    0.68%      15.000     16.000
     FEMALE                0.463       0.150       0.000   53.74%       0.000      0.000      0.000
             147.000       0.249      -1.977       1.000   46.26%       1.000      1.000
     IMMI1                 0.102       2.629       0.000   89.80%       0.000      0.000      0.000
             147.000       0.092       4.914       1.000   10.20%       0.000      0.000
     IMMI2                 0.088       2.899       0.000   91.16%       0.000      0.000      0.000
             147.000       0.081       6.405       1.000    8.84%       0.000      0.000
     PRIOR                 0.109       2.512       0.000   89.12%       0.000      0.000      0.000
             147.000       0.097       4.310       1.000   10.88%       0.000      0.000
     INSTI                 0.109       2.512       0.000   89.12%       0.000      0.000      0.000
             147.000       0.097       4.310       1.000   10.88%       0.000      0.000
     FOSTER                0.061       3.660       0.000   93.88%       0.000      0.000      0.000
             147.000       0.057      11.399       1.000    6.12%       0.000      0.000
     PSYHLTH               0.565      -0.261       0.000   43.54%       0.000      0.000      1.000
             147.000       0.246      -1.932       1.000   56.46%       1.000      1.000


     UNIVARIATE HIGHER-ORDER MOMENT DESCRIPTIVE STATISTICS FOR DURING

         Variable/         Mean/     Skewness/   Minimum/ % with                Percentiles
        Sample Size      Variance    Kurtosis    Maximum  Min/Max      20%/60%    40%/80%    Median

     OUTYLSS               5.138       1.572       0.000    5.03%       2.000      3.000      4.000
             159.000      15.931       4.129      26.000    0.63%       5.000      8.000
     INNYLSS              11.069       0.426       1.000    1.89%       6.000     10.000     11.000
             159.000      27.171       0.080      27.000    0.63%      12.000     15.000
     AGE                  14.503      -0.901       6.000    0.63%      13.000     14.000     15.000
             159.000       3.596       1.942      18.000    1.26%      15.000     16.000
     FEMALE                0.491       0.038       0.000   50.94%       0.000      0.000      0.000
             159.000       0.250      -1.999       1.000   49.06%       1.000      1.000
     IMMI1                 0.113       2.442       0.000   88.68%       0.000      0.000      0.000
             159.000       0.100       3.961       1.000   11.32%       0.000      0.000
     IMMI2                 0.164       1.820       0.000   83.65%       0.000      0.000      0.000
             159.000       0.137       1.311       1.000   16.35%       0.000      0.000
     PRIOR                 0.113       2.442       0.000   88.68%       0.000      0.000      0.000
             159.000       0.100       3.961       1.000   11.32%       0.000      0.000
     INSTI                 0.138       2.095       0.000   86.16%       0.000      0.000      0.000
             159.000       0.119       2.388       1.000   13.84%       0.000      0.000
     FOSTER                0.075       3.214       0.000   92.45%       0.000      0.000      0.000
             159.000       0.070       8.332       1.000    7.55%       0.000      0.000
     PSYHLTH               0.572      -0.292       0.000   42.77%       0.000      0.000      1.000
             159.000       0.245      -1.915       1.000   57.23%       1.000      1.000


     UNIVARIATE HIGHER-ORDER MOMENT DESCRIPTIVE STATISTICS FOR AFTER

         Variable/         Mean/     Skewness/   Minimum/ % with                Percentiles
        Sample Size      Variance    Kurtosis    Maximum  Min/Max      20%/60%    40%/80%    Median

     OUTYLSS               6.693       0.942       0.000    3.30%       3.000      5.000      6.000
             212.000      20.420       0.975      25.000    0.47%       7.000     10.000
     INNYLSS              12.104       0.210       1.000    0.47%       7.000     10.000     12.000
             212.000      28.329      -0.088      29.000    0.47%      14.000     17.000
     AGE                  14.127      -0.338       9.000    0.94%      12.000     14.000     14.000
             212.000       3.526      -0.475      18.000    1.42%      15.000     16.000
     FEMALE                0.519      -0.076       0.000   48.11%       0.000      0.000      1.000
             212.000       0.250      -1.994       1.000   51.89%       1.000      1.000
     IMMI1                 0.118       2.369       0.000   88.21%       0.000      0.000      0.000
             212.000       0.104       3.614       1.000   11.79%       0.000      0.000
     IMMI2                 0.108       2.518       0.000   89.15%       0.000      0.000      0.000
             212.000       0.097       4.339       1.000   10.85%       0.000      0.000
     PRIOR                 0.113       2.442       0.000   88.68%       0.000      0.000      0.000
             212.000       0.100       3.961       1.000   11.32%       0.000      0.000
     INSTI                 0.123       2.301       0.000   87.74%       0.000      0.000      0.000
             212.000       0.108       3.294       1.000   12.26%       0.000      0.000
     FOSTER                0.075       3.214       0.000   92.45%       0.000      0.000      0.000
             212.000       0.070       8.332       1.000    7.55%       0.000      0.000
     PSYHLTH               0.623      -0.506       0.000   37.74%       0.000      1.000      1.000
             212.000       0.235      -1.744       1.000   62.26%       1.000      1.000


MODEL FIT INFORMATION

Number of Free Parameters                       33

Loglikelihood

    H0 Value

        Mean                             -1325.860
        Std Dev                              0.000
        Number of successful computations       10

             Proportions                   Percentiles
        Expected    Observed         Expected       Observed
           0.990       0.900        -1325.860      -1325.860
           0.980       0.900        -1325.860      -1325.860
           0.950       0.900        -1325.860      -1325.860
           0.900       0.900        -1325.860      -1325.860
           0.800       0.900        -1325.860      -1325.860
           0.700       0.900        -1325.860      -1325.860
           0.500       0.900        -1325.860      -1325.860
           0.300       0.000        -1325.860      -1325.860
           0.200       0.000        -1325.860      -1325.860
           0.100       0.000        -1325.860      -1325.860
           0.050       0.000        -1325.860      -1325.860
           0.020       0.000        -1325.860      -1325.860
           0.010       0.000        -1325.860      -1325.860

    H1 Value

        Mean                             -1325.860
        Std Dev                              0.000
        Number of successful computations       10

             Proportions                   Percentiles
        Expected    Observed         Expected       Observed
           0.990       0.000        -1325.860      -1325.860
           0.980       0.000        -1325.860      -1325.860
           0.950       0.000        -1325.860      -1325.860
           0.900       0.000        -1325.860      -1325.860
           0.800       0.000        -1325.860      -1325.860
           0.700       0.000        -1325.860      -1325.860
           0.500       0.000        -1325.860      -1325.860
           0.300       0.000        -1325.860      -1325.860
           0.200       0.000        -1325.860      -1325.860
           0.100       0.000        -1325.860      -1325.860
           0.050       0.000        -1325.860      -1325.860
           0.020       0.000        -1325.860      -1325.860
           0.010       0.000        -1325.860      -1325.860

Information Criteria

    Akaike (AIC)

        Mean                              2717.720
        Std Dev                              0.000
        Number of successful computations       10

             Proportions                   Percentiles
        Expected    Observed         Expected       Observed
           0.990       1.000         2717.720       2717.720
           0.980       1.000         2717.720       2717.720
           0.950       1.000         2717.720       2717.720
           0.900       1.000         2717.720       2717.720
           0.800       1.000         2717.720       2717.720
           0.700       1.000         2717.720       2717.720
           0.500       0.100         2717.720       2717.720
           0.300       0.100         2717.720       2717.720
           0.200       0.100         2717.720       2717.720
           0.100       0.100         2717.720       2717.720
           0.050       0.100         2717.720       2717.720
           0.020       0.100         2717.720       2717.720
           0.010       0.100         2717.720       2717.720

    Bayesian (BIC)

        Mean                              2857.969
        Std Dev                              0.000
        Number of successful computations       10

             Proportions                   Percentiles
        Expected    Observed         Expected       Observed
           0.990       1.000         2857.969       2857.969
           0.980       1.000         2857.969       2857.969
           0.950       1.000         2857.969       2857.969
           0.900       1.000         2857.969       2857.969
           0.800       1.000         2857.969       2857.969
           0.700       1.000         2857.969       2857.969
           0.500       0.100         2857.969       2857.969
           0.300       0.100         2857.969       2857.969
           0.200       0.100         2857.969       2857.969
           0.100       0.100         2857.969       2857.969
           0.050       0.100         2857.969       2857.969
           0.020       0.100         2857.969       2857.969
           0.010       0.100         2857.969       2857.969

    Sample-Size Adjusted BIC (n* = (n + 2) / 24)

        Mean                              2753.220
        Std Dev                              0.000
        Number of successful computations       10

             Proportions                   Percentiles
        Expected    Observed         Expected       Observed
           0.990       1.000         2753.220       2753.220
           0.980       1.000         2753.220       2753.220
           0.950       1.000         2753.220       2753.220
           0.900       1.000         2753.220       2753.220
           0.800       1.000         2753.220       2753.220
           0.700       1.000         2753.220       2753.220
           0.500       0.100         2753.220       2753.220
           0.300       0.100         2753.220       2753.220
           0.200       0.100         2753.220       2753.220
           0.100       0.100         2753.220       2753.220
           0.050       0.100         2753.220       2753.220
           0.020       0.100         2753.220       2753.220
           0.010       0.100         2753.220       2753.220

Chi-Square Test of Model Fit

        Degrees of freedom                       0

        Mean                                 0.000
        Std Dev                              0.000
        Number of successful computations       10

             Proportions                   Percentiles
        Expected    Observed         Expected       Observed
           0.990       1.000            0.000          0.000
           0.980       1.000            0.000          0.000
           0.950       1.000            0.000          0.000
           0.900       1.000            0.000          0.000
           0.800       1.000            0.000          0.000
           0.700       1.000            0.000          0.000
           0.500       1.000            0.000          0.000
           0.300       1.000            0.000          0.000
           0.200       1.000            0.000          0.000
           0.100       1.000            0.000          0.000
           0.050       1.000            0.000          0.000
           0.020       1.000            0.000          0.000
           0.010       1.000            0.000          0.000

RMSEA (Root Mean Square Error Of Approximation)

        Mean                                 0.000
        Std Dev                              0.000
        Number of successful computations       10

        Cumulative Distribution Function
           Value    Function Value
           0.990       1.000
           0.980       1.000
           0.950       1.000
           0.900       1.000
           0.800       1.000
           0.700       1.000
           0.500       1.000
           0.300       1.000
           0.200       1.000
           0.100       1.000
           0.050       1.000
           0.020       1.000
           0.010       1.000

CFI/TLI

    CFI

        Mean                                 1.000
        Std Dev                              0.000
        Number of successful computations       10

        Cumulative Distribution Function
           Value    Function Value
           0.990       0.000
           0.980       0.000
           0.950       0.000
           0.900       0.000
           0.800       0.000
           0.700       0.000
           0.500       0.000
           0.300       0.000
           0.200       0.000
           0.100       0.000
           0.050       0.000
           0.020       0.000
           0.010       0.000

    TLI

        Mean                                 1.000
        Std Dev                              0.000
        Number of successful computations       10

        Cumulative Distribution Function
           Value    Function Value
           0.990       0.000
           0.980       0.000
           0.950       0.000
           0.900       0.000
           0.800       0.000
           0.700       0.000
           0.500       0.000
           0.300       0.000
           0.200       0.000
           0.100       0.000
           0.050       0.000
           0.020       0.000
           0.010       0.000

SRMR (Standardized Root Mean Square Residual)

        Mean                                 0.000
        Std Dev                              0.000
        Number of successful computations       10

        Cumulative Distribution Function
           Value    Function Value
           0.990       1.000
           0.980       1.000
           0.950       1.000
           0.900       1.000
           0.800       1.000
           0.700       1.000
           0.500       1.000
           0.300       1.000
           0.200       1.000
           0.100       1.000
           0.050       1.000
           0.020       1.000
           0.010       1.000


MODEL RESULTS

                                                    Two-Tailed   Rate of
                    Estimate       S.E.  Est./S.E.    P-Value    Missing

Group BEFORE

 OUTYLSS  ON
    INNYLSS            0.439      0.076      5.740      0.000      0.000
    AGE                0.033      0.132      0.251      0.802      0.000
    FEMALE            -1.040      0.618     -1.682      0.093      0.000
    IMMI1             -0.424      1.288     -0.330      0.742      0.000
    IMMI2             -0.709      0.948     -0.749      0.454      0.000
    PRIOR              0.732      1.061      0.689      0.491      0.000
    INSTI             -0.480      1.110     -0.432      0.666      0.000
    FOSTER             4.041      1.352      2.990      0.003      0.000
    PSYHLTH            0.596      0.680      0.877      0.380      0.000

 Intercepts
    OUTYLSS            0.241      1.884      0.128      0.898      0.000

 Residual Variances
    OUTYLSS           13.820      1.844      7.494      0.000      0.000

Group DURING

 OUTYLSS  ON
    INNYLSS            0.481      0.058      8.289      0.000      0.000
    AGE               -0.283      0.114     -2.471      0.013      0.000
    FEMALE             0.719      0.591      1.218      0.223      0.000
    IMMI1              0.160      0.654      0.245      0.807      0.000
    IMMI2             -0.762      0.604     -1.262      0.207      0.000
    PRIOR              0.291      0.771      0.377      0.706      0.000
    INSTI             -0.500      0.629     -0.795      0.427      0.000
    FOSTER            -0.206      0.597     -0.346      0.730      0.000
    PSYHLTH            0.244      0.608      0.401      0.688      0.000

 Intercepts
    OUTYLSS            3.580      1.643      2.179      0.029      0.000

 Residual Variances
    OUTYLSS            9.024      2.275      3.966      0.000      0.000

Group AFTER

 OUTYLSS  ON
    INNYLSS            0.617      0.040     15.308      0.000      0.000
    AGE               -0.012      0.105     -0.111      0.912      0.000
    FEMALE            -0.598      0.415     -1.441      0.150      0.000
    IMMI1             -0.435      0.641     -0.679      0.497      0.000
    IMMI2              0.997      0.549      1.817      0.069      0.000
    PRIOR             -0.662      0.742     -0.893      0.372      0.000
    INSTI              1.800      0.791      2.275      0.023      0.000
    FOSTER             1.678      0.703      2.385      0.017      0.000
    PSYHLTH            0.356      0.411      0.867      0.386      0.000

 Intercepts
    OUTYLSS           -0.852      1.636     -0.521      0.603      0.000

 Residual Variances
    OUTYLSS            8.192      0.827      9.912      0.000      0.000


QUALITY OF NUMERICAL RESULTS

     Average Condition Number for the Information Matrix      0.218E-04
       (ratio of smallest to largest eigenvalue)


STANDARDIZED MODEL RESULTS


STDYX Standardization

                                                    Two-Tailed   Rate of
                    Estimate       S.E.  Est./S.E.    P-Value    Missing

Group BEFORE

 OUTYLSS  ON
    INNYLSS            0.517      0.072      7.204      0.000      0.000
    AGE                0.014      0.058      0.251      0.802      0.000
    FEMALE            -0.110      0.064     -1.717      0.086      0.000
    IMMI1             -0.027      0.084     -0.327      0.743      0.000
    IMMI2             -0.043      0.058     -0.736      0.462      0.000
    PRIOR              0.049      0.070      0.692      0.489      0.000
    INSTI             -0.032      0.074     -0.431      0.667      0.000
    FOSTER             0.206      0.074      2.780      0.005      0.000
    PSYHLTH            0.063      0.073      0.863      0.388      0.000

 Intercepts
    OUTYLSS            0.051      0.402      0.128      0.898      0.000

 Residual Variances
    OUTYLSS            0.627      0.073      8.550      0.000      0.000

Group DURING

 OUTYLSS  ON
    INNYLSS            0.628      0.053     11.772      0.000      0.000
    AGE               -0.134      0.051     -2.643      0.008      0.000
    FEMALE             0.090      0.069      1.305      0.192      0.000
    IMMI1              0.013      0.052      0.244      0.807      0.000
    IMMI2             -0.071      0.056     -1.259      0.208      0.000
    PRIOR              0.023      0.062      0.375      0.707      0.000
    INSTI             -0.043      0.054     -0.807      0.420      0.000
    FOSTER            -0.014      0.039     -0.347      0.729      0.000
    PSYHLTH            0.030      0.077      0.392      0.695      0.000

 Intercepts
    OUTYLSS            0.897      0.394      2.279      0.023      0.000

 Residual Variances
    OUTYLSS            0.566      0.065      8.696      0.000      0.000

Group AFTER

 OUTYLSS  ON
    INNYLSS            0.727      0.034     21.542      0.000      0.000
    AGE               -0.005      0.044     -0.111      0.912      0.000
    FEMALE            -0.066      0.046     -1.436      0.151      0.000
    IMMI1             -0.031      0.046     -0.676      0.499      0.000
    IMMI2              0.069      0.038      1.809      0.070      0.000
    PRIOR             -0.046      0.052     -0.887      0.375      0.000
    INSTI              0.131      0.057      2.296      0.022      0.000
    FOSTER             0.098      0.043      2.302      0.021      0.000
    PSYHLTH            0.038      0.044      0.867      0.386      0.000

 Intercepts
    OUTYLSS           -0.189      0.360     -0.523      0.601      0.000

 Residual Variances
    OUTYLSS            0.401      0.041      9.669      0.000      0.000


R-SQUARE

Group BEFORE

    Observed                                        Two-Tailed   Rate of
    Variable        Estimate       S.E.  Est./S.E.    P-Value    Missing

    OUTYLSS            0.373      0.073      5.077      0.000      0.000

Group DURING

    Observed                                        Two-Tailed   Rate of
    Variable        Estimate       S.E.  Est./S.E.    P-Value    Missing

    OUTYLSS            0.434      0.065      6.656      0.000      0.000

Group AFTER

    Observed                                        Two-Tailed   Rate of
    Variable        Estimate       S.E.  Est./S.E.    P-Value    Missing

    OUTYLSS            0.599      0.041     14.431      0.000      0.000


TECHNICAL 1 OUTPUT


     PARAMETER SPECIFICATION FOR BEFORE


           NU
              OUTYLSS       INNYLSS       AGE           FEMALE        IMMI1
              ________      ________      ________      ________      ________
                  0             0             0             0             0


           NU
              IMMI2         PRIOR         INSTI         FOSTER        PSYHLTH
              ________      ________      ________      ________      ________
                  0             0             0             0             0


           LAMBDA
              OUTYLSS       INNYLSS       AGE           FEMALE        IMMI1
              ________      ________      ________      ________      ________
 OUTYLSS            0             0             0             0             0
 INNYLSS            0             0             0             0             0
 AGE                0             0             0             0             0
 FEMALE             0             0             0             0             0
 IMMI1              0             0             0             0             0
 IMMI2              0             0             0             0             0
 PRIOR              0             0             0             0             0
 INSTI              0             0             0             0             0
 FOSTER             0             0             0             0             0
 PSYHLTH            0             0             0             0             0


           LAMBDA
              IMMI2         PRIOR         INSTI         FOSTER        PSYHLTH
              ________      ________      ________      ________      ________
 OUTYLSS            0             0             0             0             0
 INNYLSS            0             0             0             0             0
 AGE                0             0             0             0             0
 FEMALE             0             0             0             0             0
 IMMI1              0             0             0             0             0
 IMMI2              0             0             0             0             0
 PRIOR              0             0             0             0             0
 INSTI              0             0             0             0             0
 FOSTER             0             0             0             0             0
 PSYHLTH            0             0             0             0             0


           THETA
              OUTYLSS       INNYLSS       AGE           FEMALE        IMMI1
              ________      ________      ________      ________      ________
 OUTYLSS            0
 INNYLSS            0             0
 AGE                0             0             0
 FEMALE             0             0             0             0
 IMMI1              0             0             0             0             0
 IMMI2              0             0             0             0             0
 PRIOR              0             0             0             0             0
 INSTI              0             0             0             0             0
 FOSTER             0             0             0             0             0
 PSYHLTH            0             0             0             0             0


           THETA
              IMMI2         PRIOR         INSTI         FOSTER        PSYHLTH
              ________      ________      ________      ________      ________
 IMMI2              0
 PRIOR              0             0
 INSTI              0             0             0
 FOSTER             0             0             0             0
 PSYHLTH            0             0             0             0             0


           ALPHA
              OUTYLSS       INNYLSS       AGE           FEMALE        IMMI1
              ________      ________      ________      ________      ________
                  1             0             0             0             0


           ALPHA
              IMMI2         PRIOR         INSTI         FOSTER        PSYHLTH
              ________      ________      ________      ________      ________
                  0             0             0             0             0


           BETA
              OUTYLSS       INNYLSS       AGE           FEMALE        IMMI1
              ________      ________      ________      ________      ________
 OUTYLSS            0             2             3             4             5
 INNYLSS            0             0             0             0             0
 AGE                0             0             0             0             0
 FEMALE             0             0             0             0             0
 IMMI1              0             0             0             0             0
 IMMI2              0             0             0             0             0
 PRIOR              0             0             0             0             0
 INSTI              0             0             0             0             0
 FOSTER             0             0             0             0             0
 PSYHLTH            0             0             0             0             0


           BETA
              IMMI2         PRIOR         INSTI         FOSTER        PSYHLTH
              ________      ________      ________      ________      ________
 OUTYLSS            6             7             8             9            10
 INNYLSS            0             0             0             0             0
 AGE                0             0             0             0             0
 FEMALE             0             0             0             0             0
 IMMI1              0             0             0             0             0
 IMMI2              0             0             0             0             0
 PRIOR              0             0             0             0             0
 INSTI              0             0             0             0             0
 FOSTER             0             0             0             0             0
 PSYHLTH            0             0             0             0             0


           PSI
              OUTYLSS       INNYLSS       AGE           FEMALE        IMMI1
              ________      ________      ________      ________      ________
 OUTYLSS           11
 INNYLSS            0             0
 AGE                0             0             0
 FEMALE             0             0             0             0
 IMMI1              0             0             0             0             0
 IMMI2              0             0             0             0             0
 PRIOR              0             0             0             0             0
 INSTI              0             0             0             0             0
 FOSTER             0             0             0             0             0
 PSYHLTH            0             0             0             0             0


           PSI
              IMMI2         PRIOR         INSTI         FOSTER        PSYHLTH
              ________      ________      ________      ________      ________
 IMMI2              0
 PRIOR              0             0
 INSTI              0             0             0
 FOSTER             0             0             0             0
 PSYHLTH            0             0             0             0             0


     PARAMETER SPECIFICATION FOR DURING


           NU
              OUTYLSS       INNYLSS       AGE           FEMALE        IMMI1
              ________      ________      ________      ________      ________
                  0             0             0             0             0


           NU
              IMMI2         PRIOR         INSTI         FOSTER        PSYHLTH
              ________      ________      ________      ________      ________
                  0             0             0             0             0


           LAMBDA
              OUTYLSS       INNYLSS       AGE           FEMALE        IMMI1
              ________      ________      ________      ________      ________
 OUTYLSS            0             0             0             0             0
 INNYLSS            0             0             0             0             0
 AGE                0             0             0             0             0
 FEMALE             0             0             0             0             0
 IMMI1              0             0             0             0             0
 IMMI2              0             0             0             0             0
 PRIOR              0             0             0             0             0
 INSTI              0             0             0             0             0
 FOSTER             0             0             0             0             0
 PSYHLTH            0             0             0             0             0


           LAMBDA
              IMMI2         PRIOR         INSTI         FOSTER        PSYHLTH
              ________      ________      ________      ________      ________
 OUTYLSS            0             0             0             0             0
 INNYLSS            0             0             0             0             0
 AGE                0             0             0             0             0
 FEMALE             0             0             0             0             0
 IMMI1              0             0             0             0             0
 IMMI2              0             0             0             0             0
 PRIOR              0             0             0             0             0
 INSTI              0             0             0             0             0
 FOSTER             0             0             0             0             0
 PSYHLTH            0             0             0             0             0


           THETA
              OUTYLSS       INNYLSS       AGE           FEMALE        IMMI1
              ________      ________      ________      ________      ________
 OUTYLSS            0
 INNYLSS            0             0
 AGE                0             0             0
 FEMALE             0             0             0             0
 IMMI1              0             0             0             0             0
 IMMI2              0             0             0             0             0
 PRIOR              0             0             0             0             0
 INSTI              0             0             0             0             0
 FOSTER             0             0             0             0             0
 PSYHLTH            0             0             0             0             0


           THETA
              IMMI2         PRIOR         INSTI         FOSTER        PSYHLTH
              ________      ________      ________      ________      ________
 IMMI2              0
 PRIOR              0             0
 INSTI              0             0             0
 FOSTER             0             0             0             0
 PSYHLTH            0             0             0             0             0


           ALPHA
              OUTYLSS       INNYLSS       AGE           FEMALE        IMMI1
              ________      ________      ________      ________      ________
                 12             0             0             0             0


           ALPHA
              IMMI2         PRIOR         INSTI         FOSTER        PSYHLTH
              ________      ________      ________      ________      ________
                  0             0             0             0             0


           BETA
              OUTYLSS       INNYLSS       AGE           FEMALE        IMMI1
              ________      ________      ________      ________      ________
 OUTYLSS            0            13            14            15            16
 INNYLSS            0             0             0             0             0
 AGE                0             0             0             0             0
 FEMALE             0             0             0             0             0
 IMMI1              0             0             0             0             0
 IMMI2              0             0             0             0             0
 PRIOR              0             0             0             0             0
 INSTI              0             0             0             0             0
 FOSTER             0             0             0             0             0
 PSYHLTH            0             0             0             0             0


           BETA
              IMMI2         PRIOR         INSTI         FOSTER        PSYHLTH
              ________      ________      ________      ________      ________
 OUTYLSS           17            18            19            20            21
 INNYLSS            0             0             0             0             0
 AGE                0             0             0             0             0
 FEMALE             0             0             0             0             0
 IMMI1              0             0             0             0             0
 IMMI2              0             0             0             0             0
 PRIOR              0             0             0             0             0
 INSTI              0             0             0             0             0
 FOSTER             0             0             0             0             0
 PSYHLTH            0             0             0             0             0


           PSI
              OUTYLSS       INNYLSS       AGE           FEMALE        IMMI1
              ________      ________      ________      ________      ________
 OUTYLSS           22
 INNYLSS            0             0
 AGE                0             0             0
 FEMALE             0             0             0             0
 IMMI1              0             0             0             0             0
 IMMI2              0             0             0             0             0
 PRIOR              0             0             0             0             0
 INSTI              0             0             0             0             0
 FOSTER             0             0             0             0             0
 PSYHLTH            0             0             0             0             0


           PSI
              IMMI2         PRIOR         INSTI         FOSTER        PSYHLTH
              ________      ________      ________      ________      ________
 IMMI2              0
 PRIOR              0             0
 INSTI              0             0             0
 FOSTER             0             0             0             0
 PSYHLTH            0             0             0             0             0


     PARAMETER SPECIFICATION FOR AFTER


           NU
              OUTYLSS       INNYLSS       AGE           FEMALE        IMMI1
              ________      ________      ________      ________      ________
                  0             0             0             0             0


           NU
              IMMI2         PRIOR         INSTI         FOSTER        PSYHLTH
              ________      ________      ________      ________      ________
                  0             0             0             0             0


           LAMBDA
              OUTYLSS       INNYLSS       AGE           FEMALE        IMMI1
              ________      ________      ________      ________      ________
 OUTYLSS            0             0             0             0             0
 INNYLSS            0             0             0             0             0
 AGE                0             0             0             0             0
 FEMALE             0             0             0             0             0
 IMMI1              0             0             0             0             0
 IMMI2              0             0             0             0             0
 PRIOR              0             0             0             0             0
 INSTI              0             0             0             0             0
 FOSTER             0             0             0             0             0
 PSYHLTH            0             0             0             0             0


           LAMBDA
              IMMI2         PRIOR         INSTI         FOSTER        PSYHLTH
              ________      ________      ________      ________      ________
 OUTYLSS            0             0             0             0             0
 INNYLSS            0             0             0             0             0
 AGE                0             0             0             0             0
 FEMALE             0             0             0             0             0
 IMMI1              0             0             0             0             0
 IMMI2              0             0             0             0             0
 PRIOR              0             0             0             0             0
 INSTI              0             0             0             0             0
 FOSTER             0             0             0             0             0
 PSYHLTH            0             0             0             0             0


           THETA
              OUTYLSS       INNYLSS       AGE           FEMALE        IMMI1
              ________      ________      ________      ________      ________
 OUTYLSS            0
 INNYLSS            0             0
 AGE                0             0             0
 FEMALE             0             0             0             0
 IMMI1              0             0             0             0             0
 IMMI2              0             0             0             0             0
 PRIOR              0             0             0             0             0
 INSTI              0             0             0             0             0
 FOSTER             0             0             0             0             0
 PSYHLTH            0             0             0             0             0


           THETA
              IMMI2         PRIOR         INSTI         FOSTER        PSYHLTH
              ________      ________      ________      ________      ________
 IMMI2              0
 PRIOR              0             0
 INSTI              0             0             0
 FOSTER             0             0             0             0
 PSYHLTH            0             0             0             0             0


           ALPHA
              OUTYLSS       INNYLSS       AGE           FEMALE        IMMI1
              ________      ________      ________      ________      ________
                 23             0             0             0             0


           ALPHA
              IMMI2         PRIOR         INSTI         FOSTER        PSYHLTH
              ________      ________      ________      ________      ________
                  0             0             0             0             0


           BETA
              OUTYLSS       INNYLSS       AGE           FEMALE        IMMI1
              ________      ________      ________      ________      ________
 OUTYLSS            0            24            25            26            27
 INNYLSS            0             0             0             0             0
 AGE                0             0             0             0             0
 FEMALE             0             0             0             0             0
 IMMI1              0             0             0             0             0
 IMMI2              0             0             0             0             0
 PRIOR              0             0             0             0             0
 INSTI              0             0             0             0             0
 FOSTER             0             0             0             0             0
 PSYHLTH            0             0             0             0             0


           BETA
              IMMI2         PRIOR         INSTI         FOSTER        PSYHLTH
              ________      ________      ________      ________      ________
 OUTYLSS           28            29            30            31            32
 INNYLSS            0             0             0             0             0
 AGE                0             0             0             0             0
 FEMALE             0             0             0             0             0
 IMMI1              0             0             0             0             0
 IMMI2              0             0             0             0             0
 PRIOR              0             0             0             0             0
 INSTI              0             0             0             0             0
 FOSTER             0             0             0             0             0
 PSYHLTH            0             0             0             0             0


           PSI
              OUTYLSS       INNYLSS       AGE           FEMALE        IMMI1
              ________      ________      ________      ________      ________
 OUTYLSS           33
 INNYLSS            0             0
 AGE                0             0             0
 FEMALE             0             0             0             0
 IMMI1              0             0             0             0             0
 IMMI2              0             0             0             0             0
 PRIOR              0             0             0             0             0
 INSTI              0             0             0             0             0
 FOSTER             0             0             0             0             0
 PSYHLTH            0             0             0             0             0


           PSI
              IMMI2         PRIOR         INSTI         FOSTER        PSYHLTH
              ________      ________      ________      ________      ________
 IMMI2              0
 PRIOR              0             0
 INSTI              0             0             0
 FOSTER             0             0             0             0
 PSYHLTH            0             0             0             0             0


     STARTING VALUES FOR BEFORE


           NU
              OUTYLSS       INNYLSS       AGE           FEMALE        IMMI1
              ________      ________      ________      ________      ________
                0.000         0.000         0.000         0.000         0.000


           NU
              IMMI2         PRIOR         INSTI         FOSTER        PSYHLTH
              ________      ________      ________      ________      ________
                0.000         0.000         0.000         0.000         0.000


           LAMBDA
              OUTYLSS       INNYLSS       AGE           FEMALE        IMMI1
              ________      ________      ________      ________      ________
 OUTYLSS        1.000         0.000         0.000         0.000         0.000
 INNYLSS        0.000         1.000         0.000         0.000         0.000
 AGE            0.000         0.000         1.000         0.000         0.000
 FEMALE         0.000         0.000         0.000         1.000         0.000
 IMMI1          0.000         0.000         0.000         0.000         1.000
 IMMI2          0.000         0.000         0.000         0.000         0.000
 PRIOR          0.000         0.000         0.000         0.000         0.000
 INSTI          0.000         0.000         0.000         0.000         0.000
 FOSTER         0.000         0.000         0.000         0.000         0.000
 PSYHLTH        0.000         0.000         0.000         0.000         0.000


           LAMBDA
              IMMI2         PRIOR         INSTI         FOSTER        PSYHLTH
              ________      ________      ________      ________      ________
 OUTYLSS        0.000         0.000         0.000         0.000         0.000
 INNYLSS        0.000         0.000         0.000         0.000         0.000
 AGE            0.000         0.000         0.000         0.000         0.000
 FEMALE         0.000         0.000         0.000         0.000         0.000
 IMMI1          0.000         0.000         0.000         0.000         0.000
 IMMI2          1.000         0.000         0.000         0.000         0.000
 PRIOR          0.000         1.000         0.000         0.000         0.000
 INSTI          0.000         0.000         1.000         0.000         0.000
 FOSTER         0.000         0.000         0.000         1.000         0.000
 PSYHLTH        0.000         0.000         0.000         0.000         1.000


           THETA
              OUTYLSS       INNYLSS       AGE           FEMALE        IMMI1
              ________      ________      ________      ________      ________
 OUTYLSS        0.000
 INNYLSS        0.000         0.000
 AGE            0.000         0.000         0.000
 FEMALE         0.000         0.000         0.000         0.000
 IMMI1          0.000         0.000         0.000         0.000         0.000
 IMMI2          0.000         0.000         0.000         0.000         0.000
 PRIOR          0.000         0.000         0.000         0.000         0.000
 INSTI          0.000         0.000         0.000         0.000         0.000
 FOSTER         0.000         0.000         0.000         0.000         0.000
 PSYHLTH        0.000         0.000         0.000         0.000         0.000


           THETA
              IMMI2         PRIOR         INSTI         FOSTER        PSYHLTH
              ________      ________      ________      ________      ________
 IMMI2          0.000
 PRIOR          0.000         0.000
 INSTI          0.000         0.000         0.000
 FOSTER         0.000         0.000         0.000         0.000
 PSYHLTH        0.000         0.000         0.000         0.000         0.000


           ALPHA
              OUTYLSS       INNYLSS       AGE           FEMALE        IMMI1
              ________      ________      ________      ________      ________
                5.912        11.803        14.027         0.463         0.102


           ALPHA
              IMMI2         PRIOR         INSTI         FOSTER        PSYHLTH
              ________      ________      ________      ________      ________
                0.088         0.109         0.109         0.061         0.565


           BETA
              OUTYLSS       INNYLSS       AGE           FEMALE        IMMI1
              ________      ________      ________      ________      ________
 OUTYLSS        0.000         0.000         0.000         0.000         0.000
 INNYLSS        0.000         0.000         0.000         0.000         0.000
 AGE            0.000         0.000         0.000         0.000         0.000
 FEMALE         0.000         0.000         0.000         0.000         0.000
 IMMI1          0.000         0.000         0.000         0.000         0.000
 IMMI2          0.000         0.000         0.000         0.000         0.000
 PRIOR          0.000         0.000         0.000         0.000         0.000
 INSTI          0.000         0.000         0.000         0.000         0.000
 FOSTER         0.000         0.000         0.000         0.000         0.000
 PSYHLTH        0.000         0.000         0.000         0.000         0.000


           BETA
              IMMI2         PRIOR         INSTI         FOSTER        PSYHLTH
              ________      ________      ________      ________      ________
 OUTYLSS        0.000         0.000         0.000         0.000         0.000
 INNYLSS        0.000         0.000         0.000         0.000         0.000
 AGE            0.000         0.000         0.000         0.000         0.000
 FEMALE         0.000         0.000         0.000         0.000         0.000
 IMMI1          0.000         0.000         0.000         0.000         0.000
 IMMI2          0.000         0.000         0.000         0.000         0.000
 PRIOR          0.000         0.000         0.000         0.000         0.000
 INSTI          0.000         0.000         0.000         0.000         0.000
 FOSTER         0.000         0.000         0.000         0.000         0.000
 PSYHLTH        0.000         0.000         0.000         0.000         0.000


           PSI
              OUTYLSS       INNYLSS       AGE           FEMALE        IMMI1
              ________      ________      ________      ________      ________
 OUTYLSS       11.013
 INNYLSS        0.000        30.567
 AGE            0.000         2.876         4.163
 FEMALE         0.000        -0.092         0.137         0.249
 IMMI1          0.000         0.163         0.045        -0.013         0.092
 IMMI2          0.000        -0.051        -0.009         0.014        -0.009
 PRIOR          0.000         0.409        -0.098         0.011        -0.011
 INSTI          0.000         0.321         0.031        -0.003         0.009
 FOSTER         0.000         0.148         0.046         0.006        -0.006
 PSYHLTH        0.000         0.370         0.202         0.025         0.010


           PSI
              IMMI2         PRIOR         INSTI         FOSTER        PSYHLTH
              ________      ________      ________      ________      ________
 IMMI2          0.081
 PRIOR         -0.003         0.097
 INSTI         -0.003         0.022         0.097
 FOSTER         0.008         0.007         0.007         0.057
 PSYHLTH       -0.016         0.013         0.020        -0.001         0.246


     STARTING VALUES FOR DURING


           NU
              OUTYLSS       INNYLSS       AGE           FEMALE        IMMI1
              ________      ________      ________      ________      ________
                0.000         0.000         0.000         0.000         0.000


           NU
              IMMI2         PRIOR         INSTI         FOSTER        PSYHLTH
              ________      ________      ________      ________      ________
                0.000         0.000         0.000         0.000         0.000


           LAMBDA
              OUTYLSS       INNYLSS       AGE           FEMALE        IMMI1
              ________      ________      ________      ________      ________
 OUTYLSS        1.000         0.000         0.000         0.000         0.000
 INNYLSS        0.000         1.000         0.000         0.000         0.000
 AGE            0.000         0.000         1.000         0.000         0.000
 FEMALE         0.000         0.000         0.000         1.000         0.000
 IMMI1          0.000         0.000         0.000         0.000         1.000
 IMMI2          0.000         0.000         0.000         0.000         0.000
 PRIOR          0.000         0.000         0.000         0.000         0.000
 INSTI          0.000         0.000         0.000         0.000         0.000
 FOSTER         0.000         0.000         0.000         0.000         0.000
 PSYHLTH        0.000         0.000         0.000         0.000         0.000


           LAMBDA
              IMMI2         PRIOR         INSTI         FOSTER        PSYHLTH
              ________      ________      ________      ________      ________
 OUTYLSS        0.000         0.000         0.000         0.000         0.000
 INNYLSS        0.000         0.000         0.000         0.000         0.000
 AGE            0.000         0.000         0.000         0.000         0.000
 FEMALE         0.000         0.000         0.000         0.000         0.000
 IMMI1          0.000         0.000         0.000         0.000         0.000
 IMMI2          1.000         0.000         0.000         0.000         0.000
 PRIOR          0.000         1.000         0.000         0.000         0.000
 INSTI          0.000         0.000         1.000         0.000         0.000
 FOSTER         0.000         0.000         0.000         1.000         0.000
 PSYHLTH        0.000         0.000         0.000         0.000         1.000


           THETA
              OUTYLSS       INNYLSS       AGE           FEMALE        IMMI1
              ________      ________      ________      ________      ________
 OUTYLSS        0.000
 INNYLSS        0.000         0.000
 AGE            0.000         0.000         0.000
 FEMALE         0.000         0.000         0.000         0.000
 IMMI1          0.000         0.000         0.000         0.000         0.000
 IMMI2          0.000         0.000         0.000         0.000         0.000
 PRIOR          0.000         0.000         0.000         0.000         0.000
 INSTI          0.000         0.000         0.000         0.000         0.000
 FOSTER         0.000         0.000         0.000         0.000         0.000
 PSYHLTH        0.000         0.000         0.000         0.000         0.000


           THETA
              IMMI2         PRIOR         INSTI         FOSTER        PSYHLTH
              ________      ________      ________      ________      ________
 IMMI2          0.000
 PRIOR          0.000         0.000
 INSTI          0.000         0.000         0.000
 FOSTER         0.000         0.000         0.000         0.000
 PSYHLTH        0.000         0.000         0.000         0.000         0.000


           ALPHA
              OUTYLSS       INNYLSS       AGE           FEMALE        IMMI1
              ________      ________      ________      ________      ________
                5.912        11.069        14.503         0.491         0.113


           ALPHA
              IMMI2         PRIOR         INSTI         FOSTER        PSYHLTH
              ________      ________      ________      ________      ________
                0.164         0.113         0.138         0.075         0.572


           BETA
              OUTYLSS       INNYLSS       AGE           FEMALE        IMMI1
              ________      ________      ________      ________      ________
 OUTYLSS        0.000         0.000         0.000         0.000         0.000
 INNYLSS        0.000         0.000         0.000         0.000         0.000
 AGE            0.000         0.000         0.000         0.000         0.000
 FEMALE         0.000         0.000         0.000         0.000         0.000
 IMMI1          0.000         0.000         0.000         0.000         0.000
 IMMI2          0.000         0.000         0.000         0.000         0.000
 PRIOR          0.000         0.000         0.000         0.000         0.000
 INSTI          0.000         0.000         0.000         0.000         0.000
 FOSTER         0.000         0.000         0.000         0.000         0.000
 PSYHLTH        0.000         0.000         0.000         0.000         0.000


           BETA
              IMMI2         PRIOR         INSTI         FOSTER        PSYHLTH
              ________      ________      ________      ________      ________
 OUTYLSS        0.000         0.000         0.000         0.000         0.000
 INNYLSS        0.000         0.000         0.000         0.000         0.000
 AGE            0.000         0.000         0.000         0.000         0.000
 FEMALE         0.000         0.000         0.000         0.000         0.000
 IMMI1          0.000         0.000         0.000         0.000         0.000
 IMMI2          0.000         0.000         0.000         0.000         0.000
 PRIOR          0.000         0.000         0.000         0.000         0.000
 INSTI          0.000         0.000         0.000         0.000         0.000
 FOSTER         0.000         0.000         0.000         0.000         0.000
 PSYHLTH        0.000         0.000         0.000         0.000         0.000


           PSI
              OUTYLSS       INNYLSS       AGE           FEMALE        IMMI1
              ________      ________      ________      ________      ________
 OUTYLSS       11.013
 INNYLSS        0.000        27.171
 AGE            0.000         0.418         3.596
 FEMALE         0.000        -0.342         0.061         0.250
 IMMI1          0.000        -0.052         0.081         0.007         0.100
 IMMI2          0.000        -0.250         0.062         0.008        -0.019
 PRIOR          0.000         0.464         0.006        -0.024        -0.013
 INSTI          0.000         0.110         0.075         0.026         0.028
 FOSTER         0.000         0.020         0.006         0.001         0.010
 PSYHLTH        0.000         0.765         0.052         0.040        -0.008


           PSI
              IMMI2         PRIOR         INSTI         FOSTER        PSYHLTH
              ________      ________      ________      ________      ________
 IMMI2          0.137
 PRIOR          0.000         0.100
 INSTI          0.009         0.009         0.119
 FOSTER        -0.012         0.004         0.002         0.070
 PSYHLTH       -0.006         0.017         0.009         0.013         0.245


     STARTING VALUES FOR AFTER


           NU
              OUTYLSS       INNYLSS       AGE           FEMALE        IMMI1
              ________      ________      ________      ________      ________
                0.000         0.000         0.000         0.000         0.000


           NU
              IMMI2         PRIOR         INSTI         FOSTER        PSYHLTH
              ________      ________      ________      ________      ________
                0.000         0.000         0.000         0.000         0.000


           LAMBDA
              OUTYLSS       INNYLSS       AGE           FEMALE        IMMI1
              ________      ________      ________      ________      ________
 OUTYLSS        1.000         0.000         0.000         0.000         0.000
 INNYLSS        0.000         1.000         0.000         0.000         0.000
 AGE            0.000         0.000         1.000         0.000         0.000
 FEMALE         0.000         0.000         0.000         1.000         0.000
 IMMI1          0.000         0.000         0.000         0.000         1.000
 IMMI2          0.000         0.000         0.000         0.000         0.000
 PRIOR          0.000         0.000         0.000         0.000         0.000
 INSTI          0.000         0.000         0.000         0.000         0.000
 FOSTER         0.000         0.000         0.000         0.000         0.000
 PSYHLTH        0.000         0.000         0.000         0.000         0.000


           LAMBDA
              IMMI2         PRIOR         INSTI         FOSTER        PSYHLTH
              ________      ________      ________      ________      ________
 OUTYLSS        0.000         0.000         0.000         0.000         0.000
 INNYLSS        0.000         0.000         0.000         0.000         0.000
 AGE            0.000         0.000         0.000         0.000         0.000
 FEMALE         0.000         0.000         0.000         0.000         0.000
 IMMI1          0.000         0.000         0.000         0.000         0.000
 IMMI2          1.000         0.000         0.000         0.000         0.000
 PRIOR          0.000         1.000         0.000         0.000         0.000
 INSTI          0.000         0.000         1.000         0.000         0.000
 FOSTER         0.000         0.000         0.000         1.000         0.000
 PSYHLTH        0.000         0.000         0.000         0.000         1.000


           THETA
              OUTYLSS       INNYLSS       AGE           FEMALE        IMMI1
              ________      ________      ________      ________      ________
 OUTYLSS        0.000
 INNYLSS        0.000         0.000
 AGE            0.000         0.000         0.000
 FEMALE         0.000         0.000         0.000         0.000
 IMMI1          0.000         0.000         0.000         0.000         0.000
 IMMI2          0.000         0.000         0.000         0.000         0.000
 PRIOR          0.000         0.000         0.000         0.000         0.000
 INSTI          0.000         0.000         0.000         0.000         0.000
 FOSTER         0.000         0.000         0.000         0.000         0.000
 PSYHLTH        0.000         0.000         0.000         0.000         0.000


           THETA
              IMMI2         PRIOR         INSTI         FOSTER        PSYHLTH
              ________      ________      ________      ________      ________
 IMMI2          0.000
 PRIOR          0.000         0.000
 INSTI          0.000         0.000         0.000
 FOSTER         0.000         0.000         0.000         0.000
 PSYHLTH        0.000         0.000         0.000         0.000         0.000


           ALPHA
              OUTYLSS       INNYLSS       AGE           FEMALE        IMMI1
              ________      ________      ________      ________      ________
                5.912        12.104        14.127         0.519         0.118


           ALPHA
              IMMI2         PRIOR         INSTI         FOSTER        PSYHLTH
              ________      ________      ________      ________      ________
                0.108         0.113         0.123         0.075         0.623


           BETA
              OUTYLSS       INNYLSS       AGE           FEMALE        IMMI1
              ________      ________      ________      ________      ________
 OUTYLSS        0.000         0.000         0.000         0.000         0.000
 INNYLSS        0.000         0.000         0.000         0.000         0.000
 AGE            0.000         0.000         0.000         0.000         0.000
 FEMALE         0.000         0.000         0.000         0.000         0.000
 IMMI1          0.000         0.000         0.000         0.000         0.000
 IMMI2          0.000         0.000         0.000         0.000         0.000
 PRIOR          0.000         0.000         0.000         0.000         0.000
 INSTI          0.000         0.000         0.000         0.000         0.000
 FOSTER         0.000         0.000         0.000         0.000         0.000
 PSYHLTH        0.000         0.000         0.000         0.000         0.000


           BETA
              IMMI2         PRIOR         INSTI         FOSTER        PSYHLTH
              ________      ________      ________      ________      ________
 OUTYLSS        0.000         0.000         0.000         0.000         0.000
 INNYLSS        0.000         0.000         0.000         0.000         0.000
 AGE            0.000         0.000         0.000         0.000         0.000
 FEMALE         0.000         0.000         0.000         0.000         0.000
 IMMI1          0.000         0.000         0.000         0.000         0.000
 IMMI2          0.000         0.000         0.000         0.000         0.000
 PRIOR          0.000         0.000         0.000         0.000         0.000
 INSTI          0.000         0.000         0.000         0.000         0.000
 FOSTER         0.000         0.000         0.000         0.000         0.000
 PSYHLTH        0.000         0.000         0.000         0.000         0.000


           PSI
              OUTYLSS       INNYLSS       AGE           FEMALE        IMMI1
              ________      ________      ________      ________      ________
 OUTYLSS       11.013
 INNYLSS        0.000        28.329
 AGE            0.000        -0.975         3.526
 FEMALE         0.000        -0.389         0.090         0.250
 IMMI1          0.000         0.143         0.023         0.005         0.104
 IMMI2          0.000        -0.181        -0.113         0.000        -0.013
 PRIOR          0.000         0.333        -0.019        -0.002        -0.013
 INSTI          0.000         0.369         0.060         0.017         0.019
 FOSTER         0.000        -0.064        -0.024        -0.011         0.001
 PSYHLTH        0.000         0.525         0.105        -0.012        -0.017


           PSI
              IMMI2         PRIOR         INSTI         FOSTER        PSYHLTH
              ________      ________      ________      ________      ________
 IMMI2          0.097
 PRIOR          0.002         0.100
 INSTI         -0.004        -0.004         0.108
 FOSTER         0.001         0.001        -0.005         0.070
 PSYHLTH       -0.011         0.005         0.018         0.010         0.235


SAVEDATA INFORMATION


  Save file
    fft_2_yls_*.dat

  Order of variables

    OUTYLSS
    INNYLSS
    AGE
    FEMALE
    IMMI1
    IMMI2
    PRIOR
    INSTI
    FOSTER
    PSYHLTH
    AGECOH

  Save file format           Free

  Save file record length    10000

  Save missing symbol        *


     Beginning Time:  15:33:32
        Ending Time:  15:33:37
       Elapsed Time:  00:00:05



MUTHEN & MUTHEN
3463 Stoner Ave.
Los Angeles, CA  90066

Tel: (310) 391-9971
Fax: (310) 391-8971
Web: www.StatModel.com
Support: Support@StatModel.com

Copyright (c) 1998-2023 Muthen & Muthen
